<?xml version="1.0" encoding="UTF-8"?>
<testsuite name="ru.stqa.pft.keepcalm.SquareTests" tests="1" skipped="0" failures="0" errors="0" timestamp="2020-04-10T19:34:52" hostname="WL357543" time="0.001">
  <properties/>
  <testcase name="testArea" classname="ru.stqa.pft.keepcalm.SquareTests" time="0.001"/>
  <system-out><![CDATA[]]></system-out>
  <system-err><![CDATA[]]></system-err>
</testsuite>
