<?xml version="1.0" encoding="UTF-8"?>
<testsuite name="ru.stqa.pft.keepcalm.EquationTests" tests="6" skipped="0" failures="0" errors="0" timestamp="2020-04-10T19:34:52" hostname="WL357543" time="0.014">
  <properties/>
  <testcase name="test0" classname="ru.stqa.pft.keepcalm.EquationTests" time="0.008"/>
  <testcase name="test1" classname="ru.stqa.pft.keepcalm.EquationTests" time="0.0"/>
  <testcase name="test2" classname="ru.stqa.pft.keepcalm.EquationTests" time="0.0"/>
  <testcase name="testConstant" classname="ru.stqa.pft.keepcalm.EquationTests" time="0.0"/>
  <testcase name="testLinear" classname="ru.stqa.pft.keepcalm.EquationTests" time="0.0"/>
  <testcase name="testZero" classname="ru.stqa.pft.keepcalm.EquationTests" time="0.0"/>
  <system-out><![CDATA[]]></system-out>
  <system-err><![CDATA[]]></system-err>
</testsuite>
