<?xml version="1.0" encoding="UTF-8"?>
<testsuite name="ru.stqa.pft.mantis.tests.RegistrationTests" tests="1" skipped="0" failures="0" errors="0" timestamp="2020-04-01T21:58:47" hostname="WL357543" time="13.459">
  <properties/>
  <testcase name="testRegistration" classname="ru.stqa.pft.mantis.tests.RegistrationTests" time="13.459"/>
  <system-out><![CDATA[00:58:47.377 [Test worker] DEBUG org.subethamail.smtp.server.CommandHandler - Added command: AUTH
00:58:47.380 [Test worker] DEBUG org.subethamail.smtp.server.CommandHandler - Added command: DATA
00:58:47.380 [Test worker] DEBUG org.subethamail.smtp.server.CommandHandler - Added command: EHLO
00:58:47.380 [Test worker] DEBUG org.subethamail.smtp.server.CommandHandler - Added command: HELO
00:58:47.380 [Test worker] DEBUG org.subethamail.smtp.server.CommandHandler - Added command: HELP
00:58:47.380 [Test worker] DEBUG org.subethamail.smtp.server.CommandHandler - Added command: MAIL
00:58:47.380 [Test worker] DEBUG org.subethamail.smtp.server.CommandHandler - Added command: NOOP
00:58:47.380 [Test worker] DEBUG org.subethamail.smtp.server.CommandHandler - Added command: QUIT
00:58:47.380 [Test worker] DEBUG org.subethamail.smtp.server.CommandHandler - Added command: RCPT
00:58:47.380 [Test worker] DEBUG org.subethamail.smtp.server.CommandHandler - Added command: RSET
00:58:47.380 [Test worker] DEBUG org.subethamail.smtp.server.CommandHandler - Added command: STARTTLS
00:58:47.380 [Test worker] DEBUG org.subethamail.smtp.server.CommandHandler - Added command: VRFY
00:58:47.380 [Test worker] INFO org.subethamail.smtp.server.SMTPServer - SMTP server *:25 starting
00:58:47.395 [org.subethamail.smtp.server.ServerThread *:25] INFO org.subethamail.smtp.server.ServerThread - SMTP server *:25 started
00:58:47.565 [Test worker] DEBUG io.netty.util.internal.logging.InternalLoggerFactory - Using SLF4J as the default logging framework
00:58:47.571 [Test worker] DEBUG io.netty.util.ResourceLeakDetector - -Dio.netty.leakDetection.level: simple
00:58:47.572 [Test worker] DEBUG io.netty.util.ResourceLeakDetector - -Dio.netty.leakDetection.targetRecords: 4
00:58:47.597 [Test worker] DEBUG io.netty.util.internal.PlatformDependent - Platform: Windows
00:58:47.599 [Test worker] DEBUG io.netty.util.internal.PlatformDependent0 - -Dio.netty.noUnsafe: false
00:58:47.599 [Test worker] DEBUG io.netty.util.internal.PlatformDependent0 - Java version: 8
00:58:47.601 [Test worker] DEBUG io.netty.util.internal.PlatformDependent0 - sun.misc.Unsafe.theUnsafe: available
00:58:47.602 [Test worker] DEBUG io.netty.util.internal.PlatformDependent0 - sun.misc.Unsafe.copyMemory: available
00:58:47.605 [Test worker] DEBUG io.netty.util.internal.PlatformDependent0 - java.nio.Buffer.address: available
00:58:47.606 [Test worker] DEBUG io.netty.util.internal.PlatformDependent0 - direct buffer constructor: available
00:58:47.607 [Test worker] DEBUG io.netty.util.internal.PlatformDependent0 - java.nio.Bits.unaligned: available, true
00:58:47.607 [Test worker] DEBUG io.netty.util.internal.PlatformDependent0 - jdk.internal.misc.Unsafe.allocateUninitializedArray(int): unavailable prior to Java9
00:58:47.608 [Test worker] DEBUG io.netty.util.internal.PlatformDependent0 - java.nio.DirectByteBuffer.<init>(long, int): available
00:58:47.608 [Test worker] DEBUG io.netty.util.internal.PlatformDependent - sun.misc.Unsafe: available
00:58:47.609 [Test worker] DEBUG io.netty.util.internal.PlatformDependent - -Dio.netty.tmpdir: C:\Users\xxprokod\AppData\Local\Temp (java.io.tmpdir)
00:58:47.609 [Test worker] DEBUG io.netty.util.internal.PlatformDependent - -Dio.netty.bitMode: 64 (sun.arch.data.model)
00:58:47.611 [Test worker] DEBUG io.netty.util.internal.PlatformDependent - -Dio.netty.maxDirectMemory: 477626368 bytes
00:58:47.612 [Test worker] DEBUG io.netty.util.internal.PlatformDependent - -Dio.netty.uninitializedArrayAllocationThreshold: -1
00:58:47.613 [Test worker] DEBUG io.netty.util.internal.CleanerJava6 - java.nio.ByteBuffer.cleaner(): available
00:58:47.613 [Test worker] DEBUG io.netty.util.internal.PlatformDependent - -Dio.netty.noPreferDirect: false
00:58:47.614 [Test worker] DEBUG io.netty.util.ResourceLeakDetectorFactory - Loaded default ResourceLeakDetector: io.netty.util.ResourceLeakDetector@4d1c2f1b
00:58:47.638 [Test worker] DEBUG io.netty.util.internal.PlatformDependent - org.jctools-core.MpscChunkedArrayQueue: available
00:58:48.197 [Test worker] DEBUG io.netty.handler.ssl.JdkSslContext - Default protocols (JDK): [TLSv1.2, TLSv1.1, TLSv1] 
00:58:48.198 [Test worker] DEBUG io.netty.handler.ssl.JdkSslContext - Default cipher suites (JDK): [TLS_ECDHE_ECDSA_WITH_AES_256_GCM_SHA384, TLS_ECDHE_ECDSA_WITH_AES_128_GCM_SHA256, TLS_ECDHE_RSA_WITH_AES_128_GCM_SHA256, TLS_ECDHE_RSA_WITH_AES_256_GCM_SHA384, TLS_ECDHE_RSA_WITH_AES_128_CBC_SHA, TLS_ECDHE_RSA_WITH_AES_256_CBC_SHA, TLS_RSA_WITH_AES_128_GCM_SHA256, TLS_RSA_WITH_AES_128_CBC_SHA, TLS_RSA_WITH_AES_256_CBC_SHA]
00:58:48.247 [Test worker] DEBUG io.netty.util.internal.InternalThreadLocalMap - -Dio.netty.threadLocalMap.stringBuilder.initialSize: 1024
00:58:48.248 [Test worker] DEBUG io.netty.util.internal.InternalThreadLocalMap - -Dio.netty.threadLocalMap.stringBuilder.maxSize: 4096
00:58:48.278 [Test worker] DEBUG io.netty.channel.MultithreadEventLoopGroup - -Dio.netty.eventLoopThreads: 16
00:58:48.306 [Test worker] DEBUG io.netty.channel.nio.NioEventLoop - -Dio.netty.noKeySetOptimization: false
00:58:48.306 [Test worker] DEBUG io.netty.channel.nio.NioEventLoop - -Dio.netty.selectorAutoRebuildThreshold: 512
00:58:48.363 [Test worker] DEBUG io.netty.buffer.PooledByteBufAllocator - -Dio.netty.allocator.numHeapArenas: 4
00:58:48.363 [Test worker] DEBUG io.netty.buffer.PooledByteBufAllocator - -Dio.netty.allocator.numDirectArenas: 4
00:58:48.363 [Test worker] DEBUG io.netty.buffer.PooledByteBufAllocator - -Dio.netty.allocator.pageSize: 8192
00:58:48.363 [Test worker] DEBUG io.netty.buffer.PooledByteBufAllocator - -Dio.netty.allocator.maxOrder: 11
00:58:48.372 [Test worker] DEBUG io.netty.buffer.PooledByteBufAllocator - -Dio.netty.allocator.chunkSize: 16777216
00:58:48.373 [Test worker] DEBUG io.netty.buffer.PooledByteBufAllocator - -Dio.netty.allocator.tinyCacheSize: 512
00:58:48.373 [Test worker] DEBUG io.netty.buffer.PooledByteBufAllocator - -Dio.netty.allocator.smallCacheSize: 256
00:58:48.373 [Test worker] DEBUG io.netty.buffer.PooledByteBufAllocator - -Dio.netty.allocator.normalCacheSize: 64
00:58:48.373 [Test worker] DEBUG io.netty.buffer.PooledByteBufAllocator - -Dio.netty.allocator.maxCachedBufferCapacity: 32768
00:58:48.373 [Test worker] DEBUG io.netty.buffer.PooledByteBufAllocator - -Dio.netty.allocator.cacheTrimInterval: 8192
00:58:48.373 [Test worker] DEBUG io.netty.buffer.PooledByteBufAllocator - -Dio.netty.allocator.cacheTrimIntervalMillis: 0
00:58:48.373 [Test worker] DEBUG io.netty.buffer.PooledByteBufAllocator - -Dio.netty.allocator.useCacheForAllThreads: true
00:58:48.373 [Test worker] DEBUG io.netty.buffer.PooledByteBufAllocator - -Dio.netty.allocator.maxCachedByteBuffersPerChunk: 1023
00:58:48.407 [Test worker] DEBUG io.netty.buffer.ByteBufUtil - -Dio.netty.allocator.type: pooled
00:58:48.407 [Test worker] DEBUG io.netty.buffer.ByteBufUtil - -Dio.netty.threadLocalDirectBufferSize: 0
00:58:48.408 [Test worker] DEBUG io.netty.buffer.ByteBufUtil - -Dio.netty.maxThreadLocalCharBufferSize: 16384
00:58:49.399 [Forwarding newSession on session null to remote] DEBUG io.netty.channel.DefaultChannelId - -Dio.netty.processId: 37776 (auto-detected)
00:58:49.403 [Forwarding newSession on session null to remote] DEBUG io.netty.util.NetUtil - -Djava.net.preferIPv4Stack: false
00:58:49.404 [Forwarding newSession on session null to remote] DEBUG io.netty.util.NetUtil - -Djava.net.preferIPv6Addresses: false
00:58:49.655 [Forwarding newSession on session null to remote] DEBUG io.netty.util.NetUtil - Loopback interface: lo (Software Loopback Interface 1, 127.0.0.1)
00:58:49.656 [Forwarding newSession on session null to remote] DEBUG io.netty.util.NetUtil - Failed to get SOMAXCONN from sysctl and file \proc\sys\net\core\somaxconn. Default: 200
00:58:49.927 [Forwarding newSession on session null to remote] DEBUG io.netty.channel.DefaultChannelId - -Dio.netty.machineId: 30:24:32:ff:fe:61:f0:3a (auto-detected)
00:58:49.994 [AsyncHttpClient-3-1] DEBUG io.netty.buffer.AbstractByteBuf - -Dio.netty.buffer.checkAccessible: true
00:58:49.994 [AsyncHttpClient-3-1] DEBUG io.netty.buffer.AbstractByteBuf - -Dio.netty.buffer.checkBounds: true
00:58:49.994 [AsyncHttpClient-3-1] DEBUG io.netty.util.ResourceLeakDetectorFactory - Loaded default ResourceLeakDetector: io.netty.util.ResourceLeakDetector@32ce230e
00:58:50.013 [AsyncHttpClient-3-1] DEBUG org.asynchttpclient.netty.channel.NettyConnectListener - Using new Channel '[id: 0xd0ddbf50, L:/127.0.0.1:51801 - R:localhost/127.0.0.1:23010]' for 'POST' to '/session'
00:58:50.033 [AsyncHttpClient-3-1] DEBUG io.netty.util.Recycler - -Dio.netty.recycler.maxCapacityPerThread: 4096
00:58:50.033 [AsyncHttpClient-3-1] DEBUG io.netty.util.Recycler - -Dio.netty.recycler.maxSharedCapacityFactor: 2
00:58:50.034 [AsyncHttpClient-3-1] DEBUG io.netty.util.Recycler - -Dio.netty.recycler.linkCapacity: 16
00:58:50.034 [AsyncHttpClient-3-1] DEBUG io.netty.util.Recycler - -Dio.netty.recycler.ratio: 8
00:58:54.430 [AsyncHttpClient-3-1] DEBUG org.asynchttpclient.netty.handler.HttpHandler - 

Request DefaultHttpRequest(decodeResult: success, version: HTTP/1.1)
POST /session HTTP/1.1
User-Agent: selenium/4.0.0-alpha-4 (java windows)
Content-Length: 427
Content-Type: application/json; charset=utf-8
host: localhost:23010
accept: */*

Response DefaultHttpResponse(decodeResult: success, version: HTTP/1.1)
HTTP/1.1 200 OK
content-type: application/json; charset=utf-8
cache-control: no-cache
content-length: 731
date: Wed, 01 Apr 2020 21:58:50 GMT

00:58:54.446 [AsyncHttpClient-3-1] DEBUG org.asynchttpclient.netty.channel.ChannelManager - Adding key: http://localhost:23010 for channel [id: 0xd0ddbf50, L:/127.0.0.1:51801 - R:localhost/127.0.0.1:23010]
00:58:54.542 [Forwarding setTimeout on session 0bbcf62e-023c-4e54-b231-966abc49b00b to remote] DEBUG org.asynchttpclient.netty.request.NettyRequestSender - Using pooled Channel '[id: 0xd0ddbf50, L:/127.0.0.1:51801 - R:localhost/127.0.0.1:23010]' for 'POST' to 'http://localhost:23010/session/0bbcf62e-023c-4e54-b231-966abc49b00b/timeouts'
00:58:54.543 [Forwarding setTimeout on session 0bbcf62e-023c-4e54-b231-966abc49b00b to remote] DEBUG org.asynchttpclient.netty.request.NettyRequestSender - Using open Channel [id: 0xd0ddbf50, L:/127.0.0.1:51801 - R:localhost/127.0.0.1:23010] for POST '/session/0bbcf62e-023c-4e54-b231-966abc49b00b/timeouts'
00:58:54.550 [AsyncHttpClient-3-1] DEBUG org.asynchttpclient.netty.handler.HttpHandler - 

Request DefaultHttpRequest(decodeResult: success, version: HTTP/1.1)
POST /session/0bbcf62e-023c-4e54-b231-966abc49b00b/timeouts HTTP/1.1
User-Agent: selenium/4.0.0-alpha-4 (java windows)
Content-Length: 22
Content-Type: application/json; charset=utf-8
host: localhost:23010
accept: */*

Response DefaultHttpResponse(decodeResult: success, version: HTTP/1.1)
HTTP/1.1 200 OK
content-type: application/json; charset=utf-8
cache-control: no-cache
content-length: 14
date: Wed, 01 Apr 2020 21:58:54 GMT

00:58:54.550 [AsyncHttpClient-3-1] DEBUG org.asynchttpclient.netty.channel.ChannelManager - Adding key: http://localhost:23010 for channel [id: 0xd0ddbf50, L:/127.0.0.1:51801 - R:localhost/127.0.0.1:23010]
00:58:54.563 [Forwarding get on session 0bbcf62e-023c-4e54-b231-966abc49b00b to remote] DEBUG org.asynchttpclient.netty.request.NettyRequestSender - Using pooled Channel '[id: 0xd0ddbf50, L:/127.0.0.1:51801 - R:localhost/127.0.0.1:23010]' for 'POST' to 'http://localhost:23010/session/0bbcf62e-023c-4e54-b231-966abc49b00b/url'
00:58:54.564 [Forwarding get on session 0bbcf62e-023c-4e54-b231-966abc49b00b to remote] DEBUG org.asynchttpclient.netty.request.NettyRequestSender - Using open Channel [id: 0xd0ddbf50, L:/127.0.0.1:51801 - R:localhost/127.0.0.1:23010] for POST '/session/0bbcf62e-023c-4e54-b231-966abc49b00b/url'
00:58:55.642 [AsyncHttpClient-3-1] DEBUG org.asynchttpclient.netty.handler.HttpHandler - 

Request DefaultHttpRequest(decodeResult: success, version: HTTP/1.1)
POST /session/0bbcf62e-023c-4e54-b231-966abc49b00b/url HTTP/1.1
User-Agent: selenium/4.0.0-alpha-4 (java windows)
Content-Length: 68
Content-Type: application/json; charset=utf-8
host: localhost:23010
accept: */*

Response DefaultHttpResponse(decodeResult: success, version: HTTP/1.1)
HTTP/1.1 200 OK
content-type: application/json; charset=utf-8
cache-control: no-cache
content-length: 14
date: Wed, 01 Apr 2020 21:58:54 GMT

00:58:55.643 [AsyncHttpClient-3-1] DEBUG org.asynchttpclient.netty.channel.ChannelManager - Adding key: http://localhost:23010 for channel [id: 0xd0ddbf50, L:/127.0.0.1:51801 - R:localhost/127.0.0.1:23010]
00:58:55.646 [Forwarding get on session 0bbcf62e-023c-4e54-b231-966abc49b00b to remote] DEBUG org.asynchttpclient.netty.request.NettyRequestSender - Using pooled Channel '[id: 0xd0ddbf50, L:/127.0.0.1:51801 - R:localhost/127.0.0.1:23010]' for 'POST' to 'http://localhost:23010/session/0bbcf62e-023c-4e54-b231-966abc49b00b/url'
00:58:55.647 [Forwarding get on session 0bbcf62e-023c-4e54-b231-966abc49b00b to remote] DEBUG org.asynchttpclient.netty.request.NettyRequestSender - Using open Channel [id: 0xd0ddbf50, L:/127.0.0.1:51801 - R:localhost/127.0.0.1:23010] for POST '/session/0bbcf62e-023c-4e54-b231-966abc49b00b/url'
00:58:56.332 [AsyncHttpClient-3-1] DEBUG org.asynchttpclient.netty.handler.HttpHandler - 

Request DefaultHttpRequest(decodeResult: success, version: HTTP/1.1)
POST /session/0bbcf62e-023c-4e54-b231-966abc49b00b/url HTTP/1.1
User-Agent: selenium/4.0.0-alpha-4 (java windows)
Content-Length: 89
Content-Type: application/json; charset=utf-8
host: localhost:23010
accept: */*

Response DefaultHttpResponse(decodeResult: success, version: HTTP/1.1)
HTTP/1.1 200 OK
content-type: application/json; charset=utf-8
cache-control: no-cache
content-length: 14
date: Wed, 01 Apr 2020 21:58:55 GMT

00:58:56.334 [AsyncHttpClient-3-1] DEBUG org.asynchttpclient.netty.channel.ChannelManager - Adding key: http://localhost:23010 for channel [id: 0xd0ddbf50, L:/127.0.0.1:51801 - R:localhost/127.0.0.1:23010]
00:58:56.348 [Forwarding findElement on session 0bbcf62e-023c-4e54-b231-966abc49b00b to remote] DEBUG org.asynchttpclient.netty.request.NettyRequestSender - Using pooled Channel '[id: 0xd0ddbf50, L:/127.0.0.1:51801 - R:localhost/127.0.0.1:23010]' for 'POST' to 'http://localhost:23010/session/0bbcf62e-023c-4e54-b231-966abc49b00b/element'
00:58:56.349 [Forwarding findElement on session 0bbcf62e-023c-4e54-b231-966abc49b00b to remote] DEBUG org.asynchttpclient.netty.request.NettyRequestSender - Using open Channel [id: 0xd0ddbf50, L:/127.0.0.1:51801 - R:localhost/127.0.0.1:23010] for POST '/session/0bbcf62e-023c-4e54-b231-966abc49b00b/element'
00:58:56.376 [AsyncHttpClient-3-1] DEBUG org.asynchttpclient.netty.handler.HttpHandler - 

Request DefaultHttpRequest(decodeResult: success, version: HTTP/1.1)
POST /session/0bbcf62e-023c-4e54-b231-966abc49b00b/element HTTP/1.1
User-Agent: selenium/4.0.0-alpha-4 (java windows)
Content-Length: 62
Content-Type: application/json; charset=utf-8
host: localhost:23010
accept: */*

Response DefaultHttpResponse(decodeResult: success, version: HTTP/1.1)
HTTP/1.1 200 OK
content-type: application/json; charset=utf-8
cache-control: no-cache
content-length: 88
date: Wed, 01 Apr 2020 21:58:56 GMT

00:58:56.377 [AsyncHttpClient-3-1] DEBUG org.asynchttpclient.netty.channel.ChannelManager - Adding key: http://localhost:23010 for channel [id: 0xd0ddbf50, L:/127.0.0.1:51801 - R:localhost/127.0.0.1:23010]
00:58:56.384 [Forwarding clickElement on session 0bbcf62e-023c-4e54-b231-966abc49b00b to remote] DEBUG org.asynchttpclient.netty.request.NettyRequestSender - Using pooled Channel '[id: 0xd0ddbf50, L:/127.0.0.1:51801 - R:localhost/127.0.0.1:23010]' for 'POST' to 'http://localhost:23010/session/0bbcf62e-023c-4e54-b231-966abc49b00b/element/d18511e4-f28f-4f81-b225-48fbb4cfafe9/click'
00:58:56.385 [Forwarding clickElement on session 0bbcf62e-023c-4e54-b231-966abc49b00b to remote] DEBUG org.asynchttpclient.netty.request.NettyRequestSender - Using open Channel [id: 0xd0ddbf50, L:/127.0.0.1:51801 - R:localhost/127.0.0.1:23010] for POST '/session/0bbcf62e-023c-4e54-b231-966abc49b00b/element/d18511e4-f28f-4f81-b225-48fbb4cfafe9/click'
00:58:56.636 [AsyncHttpClient-3-1] DEBUG org.asynchttpclient.netty.handler.HttpHandler - 

Request DefaultHttpRequest(decodeResult: success, version: HTTP/1.1)
POST /session/0bbcf62e-023c-4e54-b231-966abc49b00b/element/d18511e4-f28f-4f81-b225-48fbb4cfafe9/click HTTP/1.1
User-Agent: selenium/4.0.0-alpha-4 (java windows)
Content-Length: 50
Content-Type: application/json; charset=utf-8
host: localhost:23010
accept: */*

Response DefaultHttpResponse(decodeResult: success, version: HTTP/1.1)
HTTP/1.1 200 OK
content-type: application/json; charset=utf-8
cache-control: no-cache
content-length: 14
date: Wed, 01 Apr 2020 21:58:56 GMT

00:58:56.638 [AsyncHttpClient-3-1] DEBUG org.asynchttpclient.netty.channel.ChannelManager - Adding key: http://localhost:23010 for channel [id: 0xd0ddbf50, L:/127.0.0.1:51801 - R:localhost/127.0.0.1:23010]
00:58:56.643 [Forwarding findElement on session 0bbcf62e-023c-4e54-b231-966abc49b00b to remote] DEBUG org.asynchttpclient.netty.request.NettyRequestSender - Using pooled Channel '[id: 0xd0ddbf50, L:/127.0.0.1:51801 - R:localhost/127.0.0.1:23010]' for 'POST' to 'http://localhost:23010/session/0bbcf62e-023c-4e54-b231-966abc49b00b/element'
00:58:56.643 [Forwarding findElement on session 0bbcf62e-023c-4e54-b231-966abc49b00b to remote] DEBUG org.asynchttpclient.netty.request.NettyRequestSender - Using open Channel [id: 0xd0ddbf50, L:/127.0.0.1:51801 - R:localhost/127.0.0.1:23010] for POST '/session/0bbcf62e-023c-4e54-b231-966abc49b00b/element'
00:58:56.653 [AsyncHttpClient-3-1] DEBUG org.asynchttpclient.netty.handler.HttpHandler - 

Request DefaultHttpRequest(decodeResult: success, version: HTTP/1.1)
POST /session/0bbcf62e-023c-4e54-b231-966abc49b00b/element HTTP/1.1
User-Agent: selenium/4.0.0-alpha-4 (java windows)
Content-Length: 62
Content-Type: application/json; charset=utf-8
host: localhost:23010
accept: */*

Response DefaultHttpResponse(decodeResult: success, version: HTTP/1.1)
HTTP/1.1 200 OK
content-type: application/json; charset=utf-8
cache-control: no-cache
content-length: 88
date: Wed, 01 Apr 2020 21:58:56 GMT

00:58:56.654 [AsyncHttpClient-3-1] DEBUG org.asynchttpclient.netty.channel.ChannelManager - Adding key: http://localhost:23010 for channel [id: 0xd0ddbf50, L:/127.0.0.1:51801 - R:localhost/127.0.0.1:23010]
00:58:56.694 [Forwarding getElementAttribute on session 0bbcf62e-023c-4e54-b231-966abc49b00b to remote] DEBUG org.asynchttpclient.netty.request.NettyRequestSender - Using pooled Channel '[id: 0xd0ddbf50, L:/127.0.0.1:51801 - R:localhost/127.0.0.1:23010]' for 'POST' to 'http://localhost:23010/session/0bbcf62e-023c-4e54-b231-966abc49b00b/execute/sync'
00:58:56.695 [Forwarding getElementAttribute on session 0bbcf62e-023c-4e54-b231-966abc49b00b to remote] DEBUG org.asynchttpclient.netty.request.NettyRequestSender - Using open Channel [id: 0xd0ddbf50, L:/127.0.0.1:51801 - R:localhost/127.0.0.1:23010] for POST '/session/0bbcf62e-023c-4e54-b231-966abc49b00b/execute/sync'
00:58:56.719 [AsyncHttpClient-3-1] DEBUG org.asynchttpclient.netty.handler.HttpHandler - 

Request DefaultHttpRequest(decodeResult: success, version: HTTP/1.1)
POST /session/0bbcf62e-023c-4e54-b231-966abc49b00b/execute/sync HTTP/1.1
User-Agent: selenium/4.0.0-alpha-4 (java windows)
Content-Length: 39635
Content-Type: application/json; charset=utf-8
host: localhost:23010
accept: */*

Response DefaultHttpResponse(decodeResult: success, version: HTTP/1.1)
HTTP/1.1 200 OK
content-type: application/json; charset=utf-8
cache-control: no-cache
content-length: 12
date: Wed, 01 Apr 2020 21:58:56 GMT

00:58:56.720 [AsyncHttpClient-3-1] DEBUG org.asynchttpclient.netty.channel.ChannelManager - Adding key: http://localhost:23010 for channel [id: 0xd0ddbf50, L:/127.0.0.1:51801 - R:localhost/127.0.0.1:23010]
00:58:56.723 [Forwarding findElement on session 0bbcf62e-023c-4e54-b231-966abc49b00b to remote] DEBUG org.asynchttpclient.netty.request.NettyRequestSender - Using pooled Channel '[id: 0xd0ddbf50, L:/127.0.0.1:51801 - R:localhost/127.0.0.1:23010]' for 'POST' to 'http://localhost:23010/session/0bbcf62e-023c-4e54-b231-966abc49b00b/element'
00:58:56.723 [Forwarding findElement on session 0bbcf62e-023c-4e54-b231-966abc49b00b to remote] DEBUG org.asynchttpclient.netty.request.NettyRequestSender - Using open Channel [id: 0xd0ddbf50, L:/127.0.0.1:51801 - R:localhost/127.0.0.1:23010] for POST '/session/0bbcf62e-023c-4e54-b231-966abc49b00b/element'
00:58:56.730 [AsyncHttpClient-3-1] DEBUG org.asynchttpclient.netty.handler.HttpHandler - 

Request DefaultHttpRequest(decodeResult: success, version: HTTP/1.1)
POST /session/0bbcf62e-023c-4e54-b231-966abc49b00b/element HTTP/1.1
User-Agent: selenium/4.0.0-alpha-4 (java windows)
Content-Length: 62
Content-Type: application/json; charset=utf-8
host: localhost:23010
accept: */*

Response DefaultHttpResponse(decodeResult: success, version: HTTP/1.1)
HTTP/1.1 200 OK
content-type: application/json; charset=utf-8
cache-control: no-cache
content-length: 88
date: Wed, 01 Apr 2020 21:58:56 GMT

00:58:56.731 [AsyncHttpClient-3-1] DEBUG org.asynchttpclient.netty.channel.ChannelManager - Adding key: http://localhost:23010 for channel [id: 0xd0ddbf50, L:/127.0.0.1:51801 - R:localhost/127.0.0.1:23010]
00:58:56.737 [Forwarding clearElement on session 0bbcf62e-023c-4e54-b231-966abc49b00b to remote] DEBUG org.asynchttpclient.netty.request.NettyRequestSender - Using pooled Channel '[id: 0xd0ddbf50, L:/127.0.0.1:51801 - R:localhost/127.0.0.1:23010]' for 'POST' to 'http://localhost:23010/session/0bbcf62e-023c-4e54-b231-966abc49b00b/element/d18511e4-f28f-4f81-b225-48fbb4cfafe9/clear'
00:58:56.738 [Forwarding clearElement on session 0bbcf62e-023c-4e54-b231-966abc49b00b to remote] DEBUG org.asynchttpclient.netty.request.NettyRequestSender - Using open Channel [id: 0xd0ddbf50, L:/127.0.0.1:51801 - R:localhost/127.0.0.1:23010] for POST '/session/0bbcf62e-023c-4e54-b231-966abc49b00b/element/d18511e4-f28f-4f81-b225-48fbb4cfafe9/clear'
00:58:56.746 [AsyncHttpClient-3-1] DEBUG org.asynchttpclient.netty.handler.HttpHandler - 

Request DefaultHttpRequest(decodeResult: success, version: HTTP/1.1)
POST /session/0bbcf62e-023c-4e54-b231-966abc49b00b/element/d18511e4-f28f-4f81-b225-48fbb4cfafe9/clear HTTP/1.1
User-Agent: selenium/4.0.0-alpha-4 (java windows)
Content-Length: 50
Content-Type: application/json; charset=utf-8
host: localhost:23010
accept: */*

Response DefaultHttpResponse(decodeResult: success, version: HTTP/1.1)
HTTP/1.1 200 OK
content-type: application/json; charset=utf-8
cache-control: no-cache
content-length: 14
date: Wed, 01 Apr 2020 21:58:56 GMT

00:58:56.747 [AsyncHttpClient-3-1] DEBUG org.asynchttpclient.netty.channel.ChannelManager - Adding key: http://localhost:23010 for channel [id: 0xd0ddbf50, L:/127.0.0.1:51801 - R:localhost/127.0.0.1:23010]
00:58:56.751 [Forwarding findElement on session 0bbcf62e-023c-4e54-b231-966abc49b00b to remote] DEBUG org.asynchttpclient.netty.request.NettyRequestSender - Using pooled Channel '[id: 0xd0ddbf50, L:/127.0.0.1:51801 - R:localhost/127.0.0.1:23010]' for 'POST' to 'http://localhost:23010/session/0bbcf62e-023c-4e54-b231-966abc49b00b/element'
00:58:56.752 [Forwarding findElement on session 0bbcf62e-023c-4e54-b231-966abc49b00b to remote] DEBUG org.asynchttpclient.netty.request.NettyRequestSender - Using open Channel [id: 0xd0ddbf50, L:/127.0.0.1:51801 - R:localhost/127.0.0.1:23010] for POST '/session/0bbcf62e-023c-4e54-b231-966abc49b00b/element'
00:58:56.760 [AsyncHttpClient-3-1] DEBUG org.asynchttpclient.netty.handler.HttpHandler - 

Request DefaultHttpRequest(decodeResult: success, version: HTTP/1.1)
POST /session/0bbcf62e-023c-4e54-b231-966abc49b00b/element HTTP/1.1
User-Agent: selenium/4.0.0-alpha-4 (java windows)
Content-Length: 62
Content-Type: application/json; charset=utf-8
host: localhost:23010
accept: */*

Response DefaultHttpResponse(decodeResult: success, version: HTTP/1.1)
HTTP/1.1 200 OK
content-type: application/json; charset=utf-8
cache-control: no-cache
content-length: 88
date: Wed, 01 Apr 2020 21:58:56 GMT

00:58:56.761 [AsyncHttpClient-3-1] DEBUG org.asynchttpclient.netty.channel.ChannelManager - Adding key: http://localhost:23010 for channel [id: 0xd0ddbf50, L:/127.0.0.1:51801 - R:localhost/127.0.0.1:23010]
00:58:56.779 [Forwarding sendKeysToElement on session 0bbcf62e-023c-4e54-b231-966abc49b00b to remote] DEBUG org.asynchttpclient.netty.request.NettyRequestSender - Using pooled Channel '[id: 0xd0ddbf50, L:/127.0.0.1:51801 - R:localhost/127.0.0.1:23010]' for 'POST' to 'http://localhost:23010/session/0bbcf62e-023c-4e54-b231-966abc49b00b/element/d18511e4-f28f-4f81-b225-48fbb4cfafe9/value'
00:58:56.779 [Forwarding sendKeysToElement on session 0bbcf62e-023c-4e54-b231-966abc49b00b to remote] DEBUG org.asynchttpclient.netty.request.NettyRequestSender - Using open Channel [id: 0xd0ddbf50, L:/127.0.0.1:51801 - R:localhost/127.0.0.1:23010] for POST '/session/0bbcf62e-023c-4e54-b231-966abc49b00b/element/d18511e4-f28f-4f81-b225-48fbb4cfafe9/value'
00:58:56.863 [AsyncHttpClient-3-1] DEBUG org.asynchttpclient.netty.handler.HttpHandler - 

Request DefaultHttpRequest(decodeResult: success, version: HTTP/1.1)
POST /session/0bbcf62e-023c-4e54-b231-966abc49b00b/element/d18511e4-f28f-4f81-b225-48fbb4cfafe9/value HTTP/1.1
User-Agent: selenium/4.0.0-alpha-4 (java windows)
Content-Length: 251
Content-Type: application/json; charset=utf-8
host: localhost:23010
accept: */*

Response DefaultHttpResponse(decodeResult: success, version: HTTP/1.1)
HTTP/1.1 200 OK
content-type: application/json; charset=utf-8
cache-control: no-cache
content-length: 14
date: Wed, 01 Apr 2020 21:58:56 GMT

00:58:56.864 [AsyncHttpClient-3-1] DEBUG org.asynchttpclient.netty.channel.ChannelManager - Adding key: http://localhost:23010 for channel [id: 0xd0ddbf50, L:/127.0.0.1:51801 - R:localhost/127.0.0.1:23010]
00:58:56.874 [Forwarding findElement on session 0bbcf62e-023c-4e54-b231-966abc49b00b to remote] DEBUG org.asynchttpclient.netty.request.NettyRequestSender - Using pooled Channel '[id: 0xd0ddbf50, L:/127.0.0.1:51801 - R:localhost/127.0.0.1:23010]' for 'POST' to 'http://localhost:23010/session/0bbcf62e-023c-4e54-b231-966abc49b00b/element'
00:58:56.875 [Forwarding findElement on session 0bbcf62e-023c-4e54-b231-966abc49b00b to remote] DEBUG org.asynchttpclient.netty.request.NettyRequestSender - Using open Channel [id: 0xd0ddbf50, L:/127.0.0.1:51801 - R:localhost/127.0.0.1:23010] for POST '/session/0bbcf62e-023c-4e54-b231-966abc49b00b/element'
00:58:56.892 [AsyncHttpClient-3-1] DEBUG org.asynchttpclient.netty.handler.HttpHandler - 

Request DefaultHttpRequest(decodeResult: success, version: HTTP/1.1)
POST /session/0bbcf62e-023c-4e54-b231-966abc49b00b/element HTTP/1.1
User-Agent: selenium/4.0.0-alpha-4 (java windows)
Content-Length: 59
Content-Type: application/json; charset=utf-8
host: localhost:23010
accept: */*

Response DefaultHttpResponse(decodeResult: success, version: HTTP/1.1)
HTTP/1.1 200 OK
content-type: application/json; charset=utf-8
cache-control: no-cache
content-length: 88
date: Wed, 01 Apr 2020 21:58:56 GMT

00:58:56.893 [AsyncHttpClient-3-1] DEBUG org.asynchttpclient.netty.channel.ChannelManager - Adding key: http://localhost:23010 for channel [id: 0xd0ddbf50, L:/127.0.0.1:51801 - R:localhost/127.0.0.1:23010]
00:58:56.901 [Forwarding clickElement on session 0bbcf62e-023c-4e54-b231-966abc49b00b to remote] DEBUG org.asynchttpclient.netty.request.NettyRequestSender - Using pooled Channel '[id: 0xd0ddbf50, L:/127.0.0.1:51801 - R:localhost/127.0.0.1:23010]' for 'POST' to 'http://localhost:23010/session/0bbcf62e-023c-4e54-b231-966abc49b00b/element/fcd97ab4-b198-44a1-a418-9e58dc7c0a23/click'
00:58:56.902 [Forwarding clickElement on session 0bbcf62e-023c-4e54-b231-966abc49b00b to remote] DEBUG org.asynchttpclient.netty.request.NettyRequestSender - Using open Channel [id: 0xd0ddbf50, L:/127.0.0.1:51801 - R:localhost/127.0.0.1:23010] for POST '/session/0bbcf62e-023c-4e54-b231-966abc49b00b/element/fcd97ab4-b198-44a1-a418-9e58dc7c0a23/click'
00:58:57.165 [AsyncHttpClient-3-1] DEBUG org.asynchttpclient.netty.handler.HttpHandler - 

Request DefaultHttpRequest(decodeResult: success, version: HTTP/1.1)
POST /session/0bbcf62e-023c-4e54-b231-966abc49b00b/element/fcd97ab4-b198-44a1-a418-9e58dc7c0a23/click HTTP/1.1
User-Agent: selenium/4.0.0-alpha-4 (java windows)
Content-Length: 50
Content-Type: application/json; charset=utf-8
host: localhost:23010
accept: */*

Response DefaultHttpResponse(decodeResult: success, version: HTTP/1.1)
HTTP/1.1 200 OK
content-type: application/json; charset=utf-8
cache-control: no-cache
content-length: 14
date: Wed, 01 Apr 2020 21:58:56 GMT

00:58:57.166 [AsyncHttpClient-3-1] DEBUG org.asynchttpclient.netty.channel.ChannelManager - Adding key: http://localhost:23010 for channel [id: 0xd0ddbf50, L:/127.0.0.1:51801 - R:localhost/127.0.0.1:23010]
00:58:57.171 [Forwarding findElement on session 0bbcf62e-023c-4e54-b231-966abc49b00b to remote] DEBUG org.asynchttpclient.netty.request.NettyRequestSender - Using pooled Channel '[id: 0xd0ddbf50, L:/127.0.0.1:51801 - R:localhost/127.0.0.1:23010]' for 'POST' to 'http://localhost:23010/session/0bbcf62e-023c-4e54-b231-966abc49b00b/element'
00:58:57.172 [Forwarding findElement on session 0bbcf62e-023c-4e54-b231-966abc49b00b to remote] DEBUG org.asynchttpclient.netty.request.NettyRequestSender - Using open Channel [id: 0xd0ddbf50, L:/127.0.0.1:51801 - R:localhost/127.0.0.1:23010] for POST '/session/0bbcf62e-023c-4e54-b231-966abc49b00b/element'
00:58:57.177 [AsyncHttpClient-3-1] DEBUG org.asynchttpclient.netty.handler.HttpHandler - 

Request DefaultHttpRequest(decodeResult: success, version: HTTP/1.1)
POST /session/0bbcf62e-023c-4e54-b231-966abc49b00b/element HTTP/1.1
User-Agent: selenium/4.0.0-alpha-4 (java windows)
Content-Length: 59
Content-Type: application/json; charset=utf-8
host: localhost:23010
accept: */*

Response DefaultHttpResponse(decodeResult: success, version: HTTP/1.1)
HTTP/1.1 200 OK
content-type: application/json; charset=utf-8
cache-control: no-cache
content-length: 88
date: Wed, 01 Apr 2020 21:58:57 GMT

00:58:57.178 [AsyncHttpClient-3-1] DEBUG org.asynchttpclient.netty.channel.ChannelManager - Adding key: http://localhost:23010 for channel [id: 0xd0ddbf50, L:/127.0.0.1:51801 - R:localhost/127.0.0.1:23010]
00:58:57.190 [Forwarding getElementAttribute on session 0bbcf62e-023c-4e54-b231-966abc49b00b to remote] DEBUG org.asynchttpclient.netty.request.NettyRequestSender - Using pooled Channel '[id: 0xd0ddbf50, L:/127.0.0.1:51801 - R:localhost/127.0.0.1:23010]' for 'POST' to 'http://localhost:23010/session/0bbcf62e-023c-4e54-b231-966abc49b00b/execute/sync'
00:58:57.190 [Forwarding getElementAttribute on session 0bbcf62e-023c-4e54-b231-966abc49b00b to remote] DEBUG org.asynchttpclient.netty.request.NettyRequestSender - Using open Channel [id: 0xd0ddbf50, L:/127.0.0.1:51801 - R:localhost/127.0.0.1:23010] for POST '/session/0bbcf62e-023c-4e54-b231-966abc49b00b/execute/sync'
00:58:57.217 [AsyncHttpClient-3-1] DEBUG org.asynchttpclient.netty.handler.HttpHandler - 

Request DefaultHttpRequest(decodeResult: success, version: HTTP/1.1)
POST /session/0bbcf62e-023c-4e54-b231-966abc49b00b/execute/sync HTTP/1.1
User-Agent: selenium/4.0.0-alpha-4 (java windows)
Content-Length: 39635
Content-Type: application/json; charset=utf-8
host: localhost:23010
accept: */*

Response DefaultHttpResponse(decodeResult: success, version: HTTP/1.1)
HTTP/1.1 200 OK
content-type: application/json; charset=utf-8
cache-control: no-cache
content-length: 12
date: Wed, 01 Apr 2020 21:58:57 GMT

00:58:57.218 [AsyncHttpClient-3-1] DEBUG org.asynchttpclient.netty.channel.ChannelManager - Adding key: http://localhost:23010 for channel [id: 0xd0ddbf50, L:/127.0.0.1:51801 - R:localhost/127.0.0.1:23010]
00:58:57.222 [Forwarding findElement on session 0bbcf62e-023c-4e54-b231-966abc49b00b to remote] DEBUG org.asynchttpclient.netty.request.NettyRequestSender - Using pooled Channel '[id: 0xd0ddbf50, L:/127.0.0.1:51801 - R:localhost/127.0.0.1:23010]' for 'POST' to 'http://localhost:23010/session/0bbcf62e-023c-4e54-b231-966abc49b00b/element'
00:58:57.223 [Forwarding findElement on session 0bbcf62e-023c-4e54-b231-966abc49b00b to remote] DEBUG org.asynchttpclient.netty.request.NettyRequestSender - Using open Channel [id: 0xd0ddbf50, L:/127.0.0.1:51801 - R:localhost/127.0.0.1:23010] for POST '/session/0bbcf62e-023c-4e54-b231-966abc49b00b/element'
00:58:57.243 [AsyncHttpClient-3-1] DEBUG org.asynchttpclient.netty.handler.HttpHandler - 

Request DefaultHttpRequest(decodeResult: success, version: HTTP/1.1)
POST /session/0bbcf62e-023c-4e54-b231-966abc49b00b/element HTTP/1.1
User-Agent: selenium/4.0.0-alpha-4 (java windows)
Content-Length: 59
Content-Type: application/json; charset=utf-8
host: localhost:23010
accept: */*

Response DefaultHttpResponse(decodeResult: success, version: HTTP/1.1)
HTTP/1.1 200 OK
content-type: application/json; charset=utf-8
cache-control: no-cache
content-length: 88
date: Wed, 01 Apr 2020 21:58:57 GMT

00:58:57.244 [AsyncHttpClient-3-1] DEBUG org.asynchttpclient.netty.channel.ChannelManager - Adding key: http://localhost:23010 for channel [id: 0xd0ddbf50, L:/127.0.0.1:51801 - R:localhost/127.0.0.1:23010]
00:58:57.253 [Forwarding clearElement on session 0bbcf62e-023c-4e54-b231-966abc49b00b to remote] DEBUG org.asynchttpclient.netty.request.NettyRequestSender - Using pooled Channel '[id: 0xd0ddbf50, L:/127.0.0.1:51801 - R:localhost/127.0.0.1:23010]' for 'POST' to 'http://localhost:23010/session/0bbcf62e-023c-4e54-b231-966abc49b00b/element/fcd97ab4-b198-44a1-a418-9e58dc7c0a23/clear'
00:58:57.255 [Forwarding clearElement on session 0bbcf62e-023c-4e54-b231-966abc49b00b to remote] DEBUG org.asynchttpclient.netty.request.NettyRequestSender - Using open Channel [id: 0xd0ddbf50, L:/127.0.0.1:51801 - R:localhost/127.0.0.1:23010] for POST '/session/0bbcf62e-023c-4e54-b231-966abc49b00b/element/fcd97ab4-b198-44a1-a418-9e58dc7c0a23/clear'
00:58:57.263 [AsyncHttpClient-3-1] DEBUG org.asynchttpclient.netty.handler.HttpHandler - 

Request DefaultHttpRequest(decodeResult: success, version: HTTP/1.1)
POST /session/0bbcf62e-023c-4e54-b231-966abc49b00b/element/fcd97ab4-b198-44a1-a418-9e58dc7c0a23/clear HTTP/1.1
User-Agent: selenium/4.0.0-alpha-4 (java windows)
Content-Length: 50
Content-Type: application/json; charset=utf-8
host: localhost:23010
accept: */*

Response DefaultHttpResponse(decodeResult: success, version: HTTP/1.1)
HTTP/1.1 200 OK
content-type: application/json; charset=utf-8
cache-control: no-cache
content-length: 14
date: Wed, 01 Apr 2020 21:58:57 GMT

00:58:57.264 [AsyncHttpClient-3-1] DEBUG org.asynchttpclient.netty.channel.ChannelManager - Adding key: http://localhost:23010 for channel [id: 0xd0ddbf50, L:/127.0.0.1:51801 - R:localhost/127.0.0.1:23010]
00:58:57.270 [Forwarding findElement on session 0bbcf62e-023c-4e54-b231-966abc49b00b to remote] DEBUG org.asynchttpclient.netty.request.NettyRequestSender - Using pooled Channel '[id: 0xd0ddbf50, L:/127.0.0.1:51801 - R:localhost/127.0.0.1:23010]' for 'POST' to 'http://localhost:23010/session/0bbcf62e-023c-4e54-b231-966abc49b00b/element'
00:58:57.270 [Forwarding findElement on session 0bbcf62e-023c-4e54-b231-966abc49b00b to remote] DEBUG org.asynchttpclient.netty.request.NettyRequestSender - Using open Channel [id: 0xd0ddbf50, L:/127.0.0.1:51801 - R:localhost/127.0.0.1:23010] for POST '/session/0bbcf62e-023c-4e54-b231-966abc49b00b/element'
00:58:57.278 [AsyncHttpClient-3-1] DEBUG org.asynchttpclient.netty.handler.HttpHandler - 

Request DefaultHttpRequest(decodeResult: success, version: HTTP/1.1)
POST /session/0bbcf62e-023c-4e54-b231-966abc49b00b/element HTTP/1.1
User-Agent: selenium/4.0.0-alpha-4 (java windows)
Content-Length: 59
Content-Type: application/json; charset=utf-8
host: localhost:23010
accept: */*

Response DefaultHttpResponse(decodeResult: success, version: HTTP/1.1)
HTTP/1.1 200 OK
content-type: application/json; charset=utf-8
cache-control: no-cache
content-length: 88
date: Wed, 01 Apr 2020 21:58:57 GMT

00:58:57.278 [AsyncHttpClient-3-1] DEBUG org.asynchttpclient.netty.channel.ChannelManager - Adding key: http://localhost:23010 for channel [id: 0xd0ddbf50, L:/127.0.0.1:51801 - R:localhost/127.0.0.1:23010]
00:58:57.287 [Forwarding sendKeysToElement on session 0bbcf62e-023c-4e54-b231-966abc49b00b to remote] DEBUG org.asynchttpclient.netty.request.NettyRequestSender - Using pooled Channel '[id: 0xd0ddbf50, L:/127.0.0.1:51801 - R:localhost/127.0.0.1:23010]' for 'POST' to 'http://localhost:23010/session/0bbcf62e-023c-4e54-b231-966abc49b00b/element/fcd97ab4-b198-44a1-a418-9e58dc7c0a23/value'
00:58:57.287 [Forwarding sendKeysToElement on session 0bbcf62e-023c-4e54-b231-966abc49b00b to remote] DEBUG org.asynchttpclient.netty.request.NettyRequestSender - Using open Channel [id: 0xd0ddbf50, L:/127.0.0.1:51801 - R:localhost/127.0.0.1:23010] for POST '/session/0bbcf62e-023c-4e54-b231-966abc49b00b/element/fcd97ab4-b198-44a1-a418-9e58dc7c0a23/value'
00:58:57.390 [AsyncHttpClient-3-1] DEBUG org.asynchttpclient.netty.handler.HttpHandler - 

Request DefaultHttpRequest(decodeResult: success, version: HTTP/1.1)
POST /session/0bbcf62e-023c-4e54-b231-966abc49b00b/element/fcd97ab4-b198-44a1-a418-9e58dc7c0a23/value HTTP/1.1
User-Agent: selenium/4.0.0-alpha-4 (java windows)
Content-Length: 471
Content-Type: application/json; charset=utf-8
host: localhost:23010
accept: */*

Response DefaultHttpResponse(decodeResult: success, version: HTTP/1.1)
HTTP/1.1 200 OK
content-type: application/json; charset=utf-8
cache-control: no-cache
content-length: 14
date: Wed, 01 Apr 2020 21:58:57 GMT

00:58:57.391 [AsyncHttpClient-3-1] DEBUG org.asynchttpclient.netty.channel.ChannelManager - Adding key: http://localhost:23010 for channel [id: 0xd0ddbf50, L:/127.0.0.1:51801 - R:localhost/127.0.0.1:23010]
00:58:57.397 [Forwarding findElement on session 0bbcf62e-023c-4e54-b231-966abc49b00b to remote] DEBUG org.asynchttpclient.netty.request.NettyRequestSender - Using pooled Channel '[id: 0xd0ddbf50, L:/127.0.0.1:51801 - R:localhost/127.0.0.1:23010]' for 'POST' to 'http://localhost:23010/session/0bbcf62e-023c-4e54-b231-966abc49b00b/element'
00:58:57.398 [Forwarding findElement on session 0bbcf62e-023c-4e54-b231-966abc49b00b to remote] DEBUG org.asynchttpclient.netty.request.NettyRequestSender - Using open Channel [id: 0xd0ddbf50, L:/127.0.0.1:51801 - R:localhost/127.0.0.1:23010] for POST '/session/0bbcf62e-023c-4e54-b231-966abc49b00b/element'
00:58:57.413 [AsyncHttpClient-3-1] DEBUG org.asynchttpclient.netty.handler.HttpHandler - 

Request DefaultHttpRequest(decodeResult: success, version: HTTP/1.1)
POST /session/0bbcf62e-023c-4e54-b231-966abc49b00b/element HTTP/1.1
User-Agent: selenium/4.0.0-alpha-4 (java windows)
Content-Length: 64
Content-Type: application/json; charset=utf-8
host: localhost:23010
accept: */*

Response DefaultHttpResponse(decodeResult: success, version: HTTP/1.1)
HTTP/1.1 200 OK
content-type: application/json; charset=utf-8
cache-control: no-cache
content-length: 88
date: Wed, 01 Apr 2020 21:58:57 GMT

00:58:57.414 [AsyncHttpClient-3-1] DEBUG org.asynchttpclient.netty.channel.ChannelManager - Adding key: http://localhost:23010 for channel [id: 0xd0ddbf50, L:/127.0.0.1:51801 - R:localhost/127.0.0.1:23010]
00:58:57.417 [Forwarding clickElement on session 0bbcf62e-023c-4e54-b231-966abc49b00b to remote] DEBUG org.asynchttpclient.netty.request.NettyRequestSender - Using pooled Channel '[id: 0xd0ddbf50, L:/127.0.0.1:51801 - R:localhost/127.0.0.1:23010]' for 'POST' to 'http://localhost:23010/session/0bbcf62e-023c-4e54-b231-966abc49b00b/element/fea23be7-70b2-4f20-a8df-b67faae72747/click'
00:58:57.418 [Forwarding clickElement on session 0bbcf62e-023c-4e54-b231-966abc49b00b to remote] DEBUG org.asynchttpclient.netty.request.NettyRequestSender - Using open Channel [id: 0xd0ddbf50, L:/127.0.0.1:51801 - R:localhost/127.0.0.1:23010] for POST '/session/0bbcf62e-023c-4e54-b231-966abc49b00b/element/fea23be7-70b2-4f20-a8df-b67faae72747/click'
00:58:57.732 [org.subethamail.smtp.server.Session-/127.0.0.1:51866] DEBUG org.subethamail.smtp.server.Session - SMTP connection from 127.0.0.1/127.0.0.1, new connection count: 1
00:58:57.732 [org.subethamail.smtp.server.Session-/127.0.0.1:51866] DEBUG org.subethamail.smtp.server.Session - Server: 220 WL357543.ap.tieto.com ESMTP SubEthaSMTP 3.1.7
00:58:57.733 [org.subethamail.smtp.server.Session-/127.0.0.1:51866] DEBUG org.subethamail.smtp.server.Session - Client: HELO WL357543.ap.tieto.com
00:58:57.733 [org.subethamail.smtp.server.Session-/127.0.0.1:51866] DEBUG org.subethamail.smtp.server.Session - Server: 250 WL357543.ap.tieto.com
00:58:57.734 [org.subethamail.smtp.server.Session-/127.0.0.1:51866] DEBUG org.subethamail.smtp.server.Session - Client: MAIL FROM:<admin@example.com>
00:58:57.745 [org.subethamail.smtp.server.Session-/127.0.0.1:51866] DEBUG org.subethamail.smtp.server.Session - Server: 250 Ok
00:58:57.746 [org.subethamail.smtp.server.Session-/127.0.0.1:51866] DEBUG org.subethamail.smtp.server.Session - Client: RCPT TO:<user1585778327397@localhost.localdomain>
00:58:57.746 [org.subethamail.smtp.server.Session-/127.0.0.1:51866] DEBUG org.subethamail.wiser.Wiser - Accepting mail from admin@example.com to user1585778327397@localhost.localdomain
00:58:57.746 [org.subethamail.smtp.server.Session-/127.0.0.1:51866] DEBUG org.subethamail.smtp.server.Session - Server: 250 Ok
00:58:57.746 [org.subethamail.smtp.server.Session-/127.0.0.1:51866] DEBUG org.subethamail.smtp.server.Session - Client: DATA
00:58:57.747 [org.subethamail.smtp.server.Session-/127.0.0.1:51866] DEBUG org.subethamail.smtp.server.Session - Server: 354 End data with <CR><LF>.<CR><LF>
00:58:57.753 [org.subethamail.smtp.server.Session-/127.0.0.1:51866] DEBUG org.subethamail.wiser.Wiser - Delivering mail from admin@example.com to user1585778327397@localhost.localdomain
00:58:57.754 [org.subethamail.smtp.server.Session-/127.0.0.1:51866] DEBUG org.subethamail.wiser.Wiser - Creating message from data with 2786 bytes
00:58:57.756 [org.subethamail.smtp.server.Session-/127.0.0.1:51866] DEBUG org.subethamail.smtp.server.Session - Server: 250 Ok
00:58:57.757 [org.subethamail.smtp.server.Session-/127.0.0.1:51866] DEBUG org.subethamail.smtp.server.Session - Client: QUIT
00:58:57.757 [org.subethamail.smtp.server.Session-/127.0.0.1:51866] DEBUG org.subethamail.smtp.server.Session - Server: 221 Bye
00:58:57.764 [org.subethamail.smtp.server.Session-/127.0.0.1:51867] DEBUG org.subethamail.smtp.server.Session - SMTP connection from 127.0.0.1/127.0.0.1, new connection count: 1
00:58:57.764 [org.subethamail.smtp.server.Session-/127.0.0.1:51867] DEBUG org.subethamail.smtp.server.Session - Server: 220 WL357543.ap.tieto.com ESMTP SubEthaSMTP 3.1.7
00:58:57.765 [org.subethamail.smtp.server.Session-/127.0.0.1:51867] DEBUG org.subethamail.smtp.server.Session - Client: HELO WL357543.ap.tieto.com
00:58:57.765 [org.subethamail.smtp.server.Session-/127.0.0.1:51867] DEBUG org.subethamail.smtp.server.Session - Server: 250 WL357543.ap.tieto.com
00:58:57.765 [org.subethamail.smtp.server.Session-/127.0.0.1:51867] DEBUG org.subethamail.smtp.server.Session - Client: MAIL FROM:<admin@example.com>
00:58:57.765 [org.subethamail.smtp.server.Session-/127.0.0.1:51867] DEBUG org.subethamail.smtp.server.Session - Server: 250 Ok
00:58:57.766 [org.subethamail.smtp.server.Session-/127.0.0.1:51867] DEBUG org.subethamail.smtp.server.Session - Client: RCPT TO:<root@localhost>
00:58:57.766 [org.subethamail.smtp.server.Session-/127.0.0.1:51867] DEBUG org.subethamail.wiser.Wiser - Accepting mail from admin@example.com to root@localhost
00:58:57.766 [org.subethamail.smtp.server.Session-/127.0.0.1:51867] DEBUG org.subethamail.smtp.server.Session - Server: 250 Ok
00:58:57.766 [org.subethamail.smtp.server.Session-/127.0.0.1:51867] DEBUG org.subethamail.smtp.server.Session - Client: DATA
00:58:57.766 [org.subethamail.smtp.server.Session-/127.0.0.1:51867] DEBUG org.subethamail.smtp.server.Session - Server: 354 End data with <CR><LF>.<CR><LF>
00:58:57.768 [org.subethamail.smtp.server.Session-/127.0.0.1:51867] DEBUG org.subethamail.wiser.Wiser - Delivering mail from admin@example.com to root@localhost
00:58:57.768 [org.subethamail.smtp.server.Session-/127.0.0.1:51867] DEBUG org.subethamail.wiser.Wiser - Creating message from data with 880 bytes
00:58:57.769 [org.subethamail.smtp.server.Session-/127.0.0.1:51867] DEBUG org.subethamail.smtp.server.Session - Server: 250 Ok
00:58:57.769 [org.subethamail.smtp.server.Session-/127.0.0.1:51867] DEBUG org.subethamail.smtp.server.Session - Client: QUIT
00:58:57.770 [org.subethamail.smtp.server.Session-/127.0.0.1:51867] DEBUG org.subethamail.smtp.server.Session - Server: 221 Bye
00:58:58.140 [AsyncHttpClient-3-1] DEBUG org.asynchttpclient.netty.handler.HttpHandler - 

Request DefaultHttpRequest(decodeResult: success, version: HTTP/1.1)
POST /session/0bbcf62e-023c-4e54-b231-966abc49b00b/element/fea23be7-70b2-4f20-a8df-b67faae72747/click HTTP/1.1
User-Agent: selenium/4.0.0-alpha-4 (java windows)
Content-Length: 50
Content-Type: application/json; charset=utf-8
host: localhost:23010
accept: */*

Response DefaultHttpResponse(decodeResult: success, version: HTTP/1.1)
HTTP/1.1 200 OK
content-type: application/json; charset=utf-8
cache-control: no-cache
content-length: 14
date: Wed, 01 Apr 2020 21:58:57 GMT

00:58:58.141 [AsyncHttpClient-3-1] DEBUG org.asynchttpclient.netty.channel.ChannelManager - Adding key: http://localhost:23010 for channel [id: 0xd0ddbf50, L:/127.0.0.1:51801 - R:localhost/127.0.0.1:23010]
00:58:58.242 [Forwarding get on session 0bbcf62e-023c-4e54-b231-966abc49b00b to remote] DEBUG org.asynchttpclient.netty.request.NettyRequestSender - Using pooled Channel '[id: 0xd0ddbf50, L:/127.0.0.1:51801 - R:localhost/127.0.0.1:23010]' for 'POST' to 'http://localhost:23010/session/0bbcf62e-023c-4e54-b231-966abc49b00b/url'
00:58:58.243 [Forwarding get on session 0bbcf62e-023c-4e54-b231-966abc49b00b to remote] DEBUG org.asynchttpclient.netty.request.NettyRequestSender - Using open Channel [id: 0xd0ddbf50, L:/127.0.0.1:51801 - R:localhost/127.0.0.1:23010] for POST '/session/0bbcf62e-023c-4e54-b231-966abc49b00b/url'
00:58:58.801 [AsyncHttpClient-3-1] DEBUG org.asynchttpclient.netty.handler.HttpHandler - 

Request DefaultHttpRequest(decodeResult: success, version: HTTP/1.1)
POST /session/0bbcf62e-023c-4e54-b231-966abc49b00b/url HTTP/1.1
User-Agent: selenium/4.0.0-alpha-4 (java windows)
Content-Length: 186
Content-Type: application/json; charset=utf-8
host: localhost:23010
accept: */*

Response DefaultHttpResponse(decodeResult: success, version: HTTP/1.1)
HTTP/1.1 200 OK
content-type: application/json; charset=utf-8
cache-control: no-cache
content-length: 14
date: Wed, 01 Apr 2020 21:58:58 GMT

00:58:58.804 [AsyncHttpClient-3-1] DEBUG org.asynchttpclient.netty.channel.ChannelManager - Adding key: http://localhost:23010 for channel [id: 0xd0ddbf50, L:/127.0.0.1:51801 - R:localhost/127.0.0.1:23010]
00:58:58.808 [Forwarding findElement on session 0bbcf62e-023c-4e54-b231-966abc49b00b to remote] DEBUG org.asynchttpclient.netty.request.NettyRequestSender - Using pooled Channel '[id: 0xd0ddbf50, L:/127.0.0.1:51801 - R:localhost/127.0.0.1:23010]' for 'POST' to 'http://localhost:23010/session/0bbcf62e-023c-4e54-b231-966abc49b00b/element'
00:58:58.809 [Forwarding findElement on session 0bbcf62e-023c-4e54-b231-966abc49b00b to remote] DEBUG org.asynchttpclient.netty.request.NettyRequestSender - Using open Channel [id: 0xd0ddbf50, L:/127.0.0.1:51801 - R:localhost/127.0.0.1:23010] for POST '/session/0bbcf62e-023c-4e54-b231-966abc49b00b/element'
00:58:58.843 [AsyncHttpClient-3-1] DEBUG org.asynchttpclient.netty.handler.HttpHandler - 

Request DefaultHttpRequest(decodeResult: success, version: HTTP/1.1)
POST /session/0bbcf62e-023c-4e54-b231-966abc49b00b/element HTTP/1.1
User-Agent: selenium/4.0.0-alpha-4 (java windows)
Content-Length: 62
Content-Type: application/json; charset=utf-8
host: localhost:23010
accept: */*

Response DefaultHttpResponse(decodeResult: success, version: HTTP/1.1)
HTTP/1.1 200 OK
content-type: application/json; charset=utf-8
cache-control: no-cache
content-length: 88
date: Wed, 01 Apr 2020 21:58:58 GMT

00:58:58.845 [AsyncHttpClient-3-1] DEBUG org.asynchttpclient.netty.channel.ChannelManager - Adding key: http://localhost:23010 for channel [id: 0xd0ddbf50, L:/127.0.0.1:51801 - R:localhost/127.0.0.1:23010]
00:58:58.858 [Forwarding clickElement on session 0bbcf62e-023c-4e54-b231-966abc49b00b to remote] DEBUG org.asynchttpclient.netty.request.NettyRequestSender - Using pooled Channel '[id: 0xd0ddbf50, L:/127.0.0.1:51801 - R:localhost/127.0.0.1:23010]' for 'POST' to 'http://localhost:23010/session/0bbcf62e-023c-4e54-b231-966abc49b00b/element/017161da-afb6-4026-8519-ef5f372e595d/click'
00:58:58.859 [Forwarding clickElement on session 0bbcf62e-023c-4e54-b231-966abc49b00b to remote] DEBUG org.asynchttpclient.netty.request.NettyRequestSender - Using open Channel [id: 0xd0ddbf50, L:/127.0.0.1:51801 - R:localhost/127.0.0.1:23010] for POST '/session/0bbcf62e-023c-4e54-b231-966abc49b00b/element/017161da-afb6-4026-8519-ef5f372e595d/click'
00:58:59.100 [AsyncHttpClient-3-1] DEBUG org.asynchttpclient.netty.handler.HttpHandler - 

Request DefaultHttpRequest(decodeResult: success, version: HTTP/1.1)
POST /session/0bbcf62e-023c-4e54-b231-966abc49b00b/element/017161da-afb6-4026-8519-ef5f372e595d/click HTTP/1.1
User-Agent: selenium/4.0.0-alpha-4 (java windows)
Content-Length: 50
Content-Type: application/json; charset=utf-8
host: localhost:23010
accept: */*

Response DefaultHttpResponse(decodeResult: success, version: HTTP/1.1)
HTTP/1.1 200 OK
content-type: application/json; charset=utf-8
cache-control: no-cache
content-length: 14
date: Wed, 01 Apr 2020 21:58:58 GMT

00:58:59.102 [AsyncHttpClient-3-1] DEBUG org.asynchttpclient.netty.channel.ChannelManager - Adding key: http://localhost:23010 for channel [id: 0xd0ddbf50, L:/127.0.0.1:51801 - R:localhost/127.0.0.1:23010]
00:58:59.109 [Forwarding findElement on session 0bbcf62e-023c-4e54-b231-966abc49b00b to remote] DEBUG org.asynchttpclient.netty.request.NettyRequestSender - Using pooled Channel '[id: 0xd0ddbf50, L:/127.0.0.1:51801 - R:localhost/127.0.0.1:23010]' for 'POST' to 'http://localhost:23010/session/0bbcf62e-023c-4e54-b231-966abc49b00b/element'
00:58:59.110 [Forwarding findElement on session 0bbcf62e-023c-4e54-b231-966abc49b00b to remote] DEBUG org.asynchttpclient.netty.request.NettyRequestSender - Using open Channel [id: 0xd0ddbf50, L:/127.0.0.1:51801 - R:localhost/127.0.0.1:23010] for POST '/session/0bbcf62e-023c-4e54-b231-966abc49b00b/element'
00:58:59.139 [AsyncHttpClient-3-1] DEBUG org.asynchttpclient.netty.handler.HttpHandler - 

Request DefaultHttpRequest(decodeResult: success, version: HTTP/1.1)
POST /session/0bbcf62e-023c-4e54-b231-966abc49b00b/element HTTP/1.1
User-Agent: selenium/4.0.0-alpha-4 (java windows)
Content-Length: 62
Content-Type: application/json; charset=utf-8
host: localhost:23010
accept: */*

Response DefaultHttpResponse(decodeResult: success, version: HTTP/1.1)
HTTP/1.1 200 OK
content-type: application/json; charset=utf-8
cache-control: no-cache
content-length: 88
date: Wed, 01 Apr 2020 21:58:59 GMT

00:58:59.140 [AsyncHttpClient-3-1] DEBUG org.asynchttpclient.netty.channel.ChannelManager - Adding key: http://localhost:23010 for channel [id: 0xd0ddbf50, L:/127.0.0.1:51801 - R:localhost/127.0.0.1:23010]
00:58:59.146 [AsyncHttpClient-timer-1-1] DEBUG org.asynchttpclient.netty.channel.DefaultChannelPool - Entry count for : http://localhost:23010 : 1
00:58:59.155 [Forwarding getElementAttribute on session 0bbcf62e-023c-4e54-b231-966abc49b00b to remote] DEBUG org.asynchttpclient.netty.request.NettyRequestSender - Using pooled Channel '[id: 0xd0ddbf50, L:/127.0.0.1:51801 - R:localhost/127.0.0.1:23010]' for 'POST' to 'http://localhost:23010/session/0bbcf62e-023c-4e54-b231-966abc49b00b/execute/sync'
00:58:59.156 [Forwarding getElementAttribute on session 0bbcf62e-023c-4e54-b231-966abc49b00b to remote] DEBUG org.asynchttpclient.netty.request.NettyRequestSender - Using open Channel [id: 0xd0ddbf50, L:/127.0.0.1:51801 - R:localhost/127.0.0.1:23010] for POST '/session/0bbcf62e-023c-4e54-b231-966abc49b00b/execute/sync'
00:58:59.182 [AsyncHttpClient-3-1] DEBUG org.asynchttpclient.netty.handler.HttpHandler - 

Request DefaultHttpRequest(decodeResult: success, version: HTTP/1.1)
POST /session/0bbcf62e-023c-4e54-b231-966abc49b00b/execute/sync HTTP/1.1
User-Agent: selenium/4.0.0-alpha-4 (java windows)
Content-Length: 39635
Content-Type: application/json; charset=utf-8
host: localhost:23010
accept: */*

Response DefaultHttpResponse(decodeResult: success, version: HTTP/1.1)
HTTP/1.1 200 OK
content-type: application/json; charset=utf-8
cache-control: no-cache
content-length: 12
date: Wed, 01 Apr 2020 21:58:59 GMT

00:58:59.183 [AsyncHttpClient-3-1] DEBUG org.asynchttpclient.netty.channel.ChannelManager - Adding key: http://localhost:23010 for channel [id: 0xd0ddbf50, L:/127.0.0.1:51801 - R:localhost/127.0.0.1:23010]
00:58:59.189 [Forwarding findElement on session 0bbcf62e-023c-4e54-b231-966abc49b00b to remote] DEBUG org.asynchttpclient.netty.request.NettyRequestSender - Using pooled Channel '[id: 0xd0ddbf50, L:/127.0.0.1:51801 - R:localhost/127.0.0.1:23010]' for 'POST' to 'http://localhost:23010/session/0bbcf62e-023c-4e54-b231-966abc49b00b/element'
00:58:59.190 [Forwarding findElement on session 0bbcf62e-023c-4e54-b231-966abc49b00b to remote] DEBUG org.asynchttpclient.netty.request.NettyRequestSender - Using open Channel [id: 0xd0ddbf50, L:/127.0.0.1:51801 - R:localhost/127.0.0.1:23010] for POST '/session/0bbcf62e-023c-4e54-b231-966abc49b00b/element'
00:58:59.197 [AsyncHttpClient-3-1] DEBUG org.asynchttpclient.netty.handler.HttpHandler - 

Request DefaultHttpRequest(decodeResult: success, version: HTTP/1.1)
POST /session/0bbcf62e-023c-4e54-b231-966abc49b00b/element HTTP/1.1
User-Agent: selenium/4.0.0-alpha-4 (java windows)
Content-Length: 62
Content-Type: application/json; charset=utf-8
host: localhost:23010
accept: */*

Response DefaultHttpResponse(decodeResult: success, version: HTTP/1.1)
HTTP/1.1 200 OK
content-type: application/json; charset=utf-8
cache-control: no-cache
content-length: 88
date: Wed, 01 Apr 2020 21:58:59 GMT

00:58:59.198 [AsyncHttpClient-3-1] DEBUG org.asynchttpclient.netty.channel.ChannelManager - Adding key: http://localhost:23010 for channel [id: 0xd0ddbf50, L:/127.0.0.1:51801 - R:localhost/127.0.0.1:23010]
00:58:59.203 [Forwarding clearElement on session 0bbcf62e-023c-4e54-b231-966abc49b00b to remote] DEBUG org.asynchttpclient.netty.request.NettyRequestSender - Using pooled Channel '[id: 0xd0ddbf50, L:/127.0.0.1:51801 - R:localhost/127.0.0.1:23010]' for 'POST' to 'http://localhost:23010/session/0bbcf62e-023c-4e54-b231-966abc49b00b/element/017161da-afb6-4026-8519-ef5f372e595d/clear'
00:58:59.203 [Forwarding clearElement on session 0bbcf62e-023c-4e54-b231-966abc49b00b to remote] DEBUG org.asynchttpclient.netty.request.NettyRequestSender - Using open Channel [id: 0xd0ddbf50, L:/127.0.0.1:51801 - R:localhost/127.0.0.1:23010] for POST '/session/0bbcf62e-023c-4e54-b231-966abc49b00b/element/017161da-afb6-4026-8519-ef5f372e595d/clear'
00:58:59.215 [AsyncHttpClient-3-1] DEBUG org.asynchttpclient.netty.handler.HttpHandler - 

Request DefaultHttpRequest(decodeResult: success, version: HTTP/1.1)
POST /session/0bbcf62e-023c-4e54-b231-966abc49b00b/element/017161da-afb6-4026-8519-ef5f372e595d/clear HTTP/1.1
User-Agent: selenium/4.0.0-alpha-4 (java windows)
Content-Length: 50
Content-Type: application/json; charset=utf-8
host: localhost:23010
accept: */*

Response DefaultHttpResponse(decodeResult: success, version: HTTP/1.1)
HTTP/1.1 200 OK
content-type: application/json; charset=utf-8
cache-control: no-cache
content-length: 14
date: Wed, 01 Apr 2020 21:58:59 GMT

00:58:59.217 [AsyncHttpClient-3-1] DEBUG org.asynchttpclient.netty.channel.ChannelManager - Adding key: http://localhost:23010 for channel [id: 0xd0ddbf50, L:/127.0.0.1:51801 - R:localhost/127.0.0.1:23010]
00:58:59.224 [Forwarding findElement on session 0bbcf62e-023c-4e54-b231-966abc49b00b to remote] DEBUG org.asynchttpclient.netty.request.NettyRequestSender - Using pooled Channel '[id: 0xd0ddbf50, L:/127.0.0.1:51801 - R:localhost/127.0.0.1:23010]' for 'POST' to 'http://localhost:23010/session/0bbcf62e-023c-4e54-b231-966abc49b00b/element'
00:58:59.224 [Forwarding findElement on session 0bbcf62e-023c-4e54-b231-966abc49b00b to remote] DEBUG org.asynchttpclient.netty.request.NettyRequestSender - Using open Channel [id: 0xd0ddbf50, L:/127.0.0.1:51801 - R:localhost/127.0.0.1:23010] for POST '/session/0bbcf62e-023c-4e54-b231-966abc49b00b/element'
00:58:59.231 [AsyncHttpClient-3-1] DEBUG org.asynchttpclient.netty.handler.HttpHandler - 

Request DefaultHttpRequest(decodeResult: success, version: HTTP/1.1)
POST /session/0bbcf62e-023c-4e54-b231-966abc49b00b/element HTTP/1.1
User-Agent: selenium/4.0.0-alpha-4 (java windows)
Content-Length: 62
Content-Type: application/json; charset=utf-8
host: localhost:23010
accept: */*

Response DefaultHttpResponse(decodeResult: success, version: HTTP/1.1)
HTTP/1.1 200 OK
content-type: application/json; charset=utf-8
cache-control: no-cache
content-length: 88
date: Wed, 01 Apr 2020 21:58:59 GMT

00:58:59.231 [AsyncHttpClient-3-1] DEBUG org.asynchttpclient.netty.channel.ChannelManager - Adding key: http://localhost:23010 for channel [id: 0xd0ddbf50, L:/127.0.0.1:51801 - R:localhost/127.0.0.1:23010]
00:58:59.237 [Forwarding sendKeysToElement on session 0bbcf62e-023c-4e54-b231-966abc49b00b to remote] DEBUG org.asynchttpclient.netty.request.NettyRequestSender - Using pooled Channel '[id: 0xd0ddbf50, L:/127.0.0.1:51801 - R:localhost/127.0.0.1:23010]' for 'POST' to 'http://localhost:23010/session/0bbcf62e-023c-4e54-b231-966abc49b00b/element/017161da-afb6-4026-8519-ef5f372e595d/value'
00:58:59.237 [Forwarding sendKeysToElement on session 0bbcf62e-023c-4e54-b231-966abc49b00b to remote] DEBUG org.asynchttpclient.netty.request.NettyRequestSender - Using open Channel [id: 0xd0ddbf50, L:/127.0.0.1:51801 - R:localhost/127.0.0.1:23010] for POST '/session/0bbcf62e-023c-4e54-b231-966abc49b00b/element/017161da-afb6-4026-8519-ef5f372e595d/value'
00:58:59.283 [AsyncHttpClient-3-1] DEBUG org.asynchttpclient.netty.handler.HttpHandler - 

Request DefaultHttpRequest(decodeResult: success, version: HTTP/1.1)
POST /session/0bbcf62e-023c-4e54-b231-966abc49b00b/element/017161da-afb6-4026-8519-ef5f372e595d/value HTTP/1.1
User-Agent: selenium/4.0.0-alpha-4 (java windows)
Content-Length: 161
Content-Type: application/json; charset=utf-8
host: localhost:23010
accept: */*

Response DefaultHttpResponse(decodeResult: success, version: HTTP/1.1)
HTTP/1.1 200 OK
content-type: application/json; charset=utf-8
cache-control: no-cache
content-length: 14
date: Wed, 01 Apr 2020 21:58:59 GMT

00:58:59.285 [AsyncHttpClient-3-1] DEBUG org.asynchttpclient.netty.channel.ChannelManager - Adding key: http://localhost:23010 for channel [id: 0xd0ddbf50, L:/127.0.0.1:51801 - R:localhost/127.0.0.1:23010]
00:58:59.290 [Forwarding findElement on session 0bbcf62e-023c-4e54-b231-966abc49b00b to remote] DEBUG org.asynchttpclient.netty.request.NettyRequestSender - Using pooled Channel '[id: 0xd0ddbf50, L:/127.0.0.1:51801 - R:localhost/127.0.0.1:23010]' for 'POST' to 'http://localhost:23010/session/0bbcf62e-023c-4e54-b231-966abc49b00b/element'
00:58:59.290 [Forwarding findElement on session 0bbcf62e-023c-4e54-b231-966abc49b00b to remote] DEBUG org.asynchttpclient.netty.request.NettyRequestSender - Using open Channel [id: 0xd0ddbf50, L:/127.0.0.1:51801 - R:localhost/127.0.0.1:23010] for POST '/session/0bbcf62e-023c-4e54-b231-966abc49b00b/element'
00:58:59.297 [AsyncHttpClient-3-1] DEBUG org.asynchttpclient.netty.handler.HttpHandler - 

Request DefaultHttpRequest(decodeResult: success, version: HTTP/1.1)
POST /session/0bbcf62e-023c-4e54-b231-966abc49b00b/element HTTP/1.1
User-Agent: selenium/4.0.0-alpha-4 (java windows)
Content-Length: 70
Content-Type: application/json; charset=utf-8
host: localhost:23010
accept: */*

Response DefaultHttpResponse(decodeResult: success, version: HTTP/1.1)
HTTP/1.1 200 OK
content-type: application/json; charset=utf-8
cache-control: no-cache
content-length: 88
date: Wed, 01 Apr 2020 21:58:59 GMT

00:58:59.297 [AsyncHttpClient-3-1] DEBUG org.asynchttpclient.netty.channel.ChannelManager - Adding key: http://localhost:23010 for channel [id: 0xd0ddbf50, L:/127.0.0.1:51801 - R:localhost/127.0.0.1:23010]
00:58:59.302 [Forwarding clickElement on session 0bbcf62e-023c-4e54-b231-966abc49b00b to remote] DEBUG org.asynchttpclient.netty.request.NettyRequestSender - Using pooled Channel '[id: 0xd0ddbf50, L:/127.0.0.1:51801 - R:localhost/127.0.0.1:23010]' for 'POST' to 'http://localhost:23010/session/0bbcf62e-023c-4e54-b231-966abc49b00b/element/eb931051-5ab8-452c-bfdc-9f55151864c1/click'
00:58:59.304 [Forwarding clickElement on session 0bbcf62e-023c-4e54-b231-966abc49b00b to remote] DEBUG org.asynchttpclient.netty.request.NettyRequestSender - Using open Channel [id: 0xd0ddbf50, L:/127.0.0.1:51801 - R:localhost/127.0.0.1:23010] for POST '/session/0bbcf62e-023c-4e54-b231-966abc49b00b/element/eb931051-5ab8-452c-bfdc-9f55151864c1/click'
00:58:59.546 [AsyncHttpClient-3-1] DEBUG org.asynchttpclient.netty.handler.HttpHandler - 

Request DefaultHttpRequest(decodeResult: success, version: HTTP/1.1)
POST /session/0bbcf62e-023c-4e54-b231-966abc49b00b/element/eb931051-5ab8-452c-bfdc-9f55151864c1/click HTTP/1.1
User-Agent: selenium/4.0.0-alpha-4 (java windows)
Content-Length: 50
Content-Type: application/json; charset=utf-8
host: localhost:23010
accept: */*

Response DefaultHttpResponse(decodeResult: success, version: HTTP/1.1)
HTTP/1.1 200 OK
content-type: application/json; charset=utf-8
cache-control: no-cache
content-length: 14
date: Wed, 01 Apr 2020 21:58:59 GMT

00:58:59.547 [AsyncHttpClient-3-1] DEBUG org.asynchttpclient.netty.channel.ChannelManager - Adding key: http://localhost:23010 for channel [id: 0xd0ddbf50, L:/127.0.0.1:51801 - R:localhost/127.0.0.1:23010]
00:58:59.553 [Forwarding findElement on session 0bbcf62e-023c-4e54-b231-966abc49b00b to remote] DEBUG org.asynchttpclient.netty.request.NettyRequestSender - Using pooled Channel '[id: 0xd0ddbf50, L:/127.0.0.1:51801 - R:localhost/127.0.0.1:23010]' for 'POST' to 'http://localhost:23010/session/0bbcf62e-023c-4e54-b231-966abc49b00b/element'
00:58:59.554 [Forwarding findElement on session 0bbcf62e-023c-4e54-b231-966abc49b00b to remote] DEBUG org.asynchttpclient.netty.request.NettyRequestSender - Using open Channel [id: 0xd0ddbf50, L:/127.0.0.1:51801 - R:localhost/127.0.0.1:23010] for POST '/session/0bbcf62e-023c-4e54-b231-966abc49b00b/element'
00:58:59.566 [AsyncHttpClient-3-1] DEBUG org.asynchttpclient.netty.handler.HttpHandler - 

Request DefaultHttpRequest(decodeResult: success, version: HTTP/1.1)
POST /session/0bbcf62e-023c-4e54-b231-966abc49b00b/element HTTP/1.1
User-Agent: selenium/4.0.0-alpha-4 (java windows)
Content-Length: 70
Content-Type: application/json; charset=utf-8
host: localhost:23010
accept: */*

Response DefaultHttpResponse(decodeResult: success, version: HTTP/1.1)
HTTP/1.1 200 OK
content-type: application/json; charset=utf-8
cache-control: no-cache
content-length: 88
date: Wed, 01 Apr 2020 21:58:59 GMT

00:58:59.567 [AsyncHttpClient-3-1] DEBUG org.asynchttpclient.netty.channel.ChannelManager - Adding key: http://localhost:23010 for channel [id: 0xd0ddbf50, L:/127.0.0.1:51801 - R:localhost/127.0.0.1:23010]
00:58:59.592 [Forwarding getElementAttribute on session 0bbcf62e-023c-4e54-b231-966abc49b00b to remote] DEBUG org.asynchttpclient.netty.request.NettyRequestSender - Using pooled Channel '[id: 0xd0ddbf50, L:/127.0.0.1:51801 - R:localhost/127.0.0.1:23010]' for 'POST' to 'http://localhost:23010/session/0bbcf62e-023c-4e54-b231-966abc49b00b/execute/sync'
00:58:59.592 [Forwarding getElementAttribute on session 0bbcf62e-023c-4e54-b231-966abc49b00b to remote] DEBUG org.asynchttpclient.netty.request.NettyRequestSender - Using open Channel [id: 0xd0ddbf50, L:/127.0.0.1:51801 - R:localhost/127.0.0.1:23010] for POST '/session/0bbcf62e-023c-4e54-b231-966abc49b00b/execute/sync'
00:58:59.617 [AsyncHttpClient-3-1] DEBUG org.asynchttpclient.netty.handler.HttpHandler - 

Request DefaultHttpRequest(decodeResult: success, version: HTTP/1.1)
POST /session/0bbcf62e-023c-4e54-b231-966abc49b00b/execute/sync HTTP/1.1
User-Agent: selenium/4.0.0-alpha-4 (java windows)
Content-Length: 39635
Content-Type: application/json; charset=utf-8
host: localhost:23010
accept: */*

Response DefaultHttpResponse(decodeResult: success, version: HTTP/1.1)
HTTP/1.1 200 OK
content-type: application/json; charset=utf-8
cache-control: no-cache
content-length: 12
date: Wed, 01 Apr 2020 21:58:59 GMT

00:58:59.618 [AsyncHttpClient-3-1] DEBUG org.asynchttpclient.netty.channel.ChannelManager - Adding key: http://localhost:23010 for channel [id: 0xd0ddbf50, L:/127.0.0.1:51801 - R:localhost/127.0.0.1:23010]
00:58:59.621 [Forwarding findElement on session 0bbcf62e-023c-4e54-b231-966abc49b00b to remote] DEBUG org.asynchttpclient.netty.request.NettyRequestSender - Using pooled Channel '[id: 0xd0ddbf50, L:/127.0.0.1:51801 - R:localhost/127.0.0.1:23010]' for 'POST' to 'http://localhost:23010/session/0bbcf62e-023c-4e54-b231-966abc49b00b/element'
00:58:59.622 [Forwarding findElement on session 0bbcf62e-023c-4e54-b231-966abc49b00b to remote] DEBUG org.asynchttpclient.netty.request.NettyRequestSender - Using open Channel [id: 0xd0ddbf50, L:/127.0.0.1:51801 - R:localhost/127.0.0.1:23010] for POST '/session/0bbcf62e-023c-4e54-b231-966abc49b00b/element'
00:58:59.628 [AsyncHttpClient-3-1] DEBUG org.asynchttpclient.netty.handler.HttpHandler - 

Request DefaultHttpRequest(decodeResult: success, version: HTTP/1.1)
POST /session/0bbcf62e-023c-4e54-b231-966abc49b00b/element HTTP/1.1
User-Agent: selenium/4.0.0-alpha-4 (java windows)
Content-Length: 70
Content-Type: application/json; charset=utf-8
host: localhost:23010
accept: */*

Response DefaultHttpResponse(decodeResult: success, version: HTTP/1.1)
HTTP/1.1 200 OK
content-type: application/json; charset=utf-8
cache-control: no-cache
content-length: 88
date: Wed, 01 Apr 2020 21:58:59 GMT

00:58:59.628 [AsyncHttpClient-3-1] DEBUG org.asynchttpclient.netty.channel.ChannelManager - Adding key: http://localhost:23010 for channel [id: 0xd0ddbf50, L:/127.0.0.1:51801 - R:localhost/127.0.0.1:23010]
00:58:59.631 [Forwarding clearElement on session 0bbcf62e-023c-4e54-b231-966abc49b00b to remote] DEBUG org.asynchttpclient.netty.request.NettyRequestSender - Using pooled Channel '[id: 0xd0ddbf50, L:/127.0.0.1:51801 - R:localhost/127.0.0.1:23010]' for 'POST' to 'http://localhost:23010/session/0bbcf62e-023c-4e54-b231-966abc49b00b/element/eb931051-5ab8-452c-bfdc-9f55151864c1/clear'
00:58:59.631 [Forwarding clearElement on session 0bbcf62e-023c-4e54-b231-966abc49b00b to remote] DEBUG org.asynchttpclient.netty.request.NettyRequestSender - Using open Channel [id: 0xd0ddbf50, L:/127.0.0.1:51801 - R:localhost/127.0.0.1:23010] for POST '/session/0bbcf62e-023c-4e54-b231-966abc49b00b/element/eb931051-5ab8-452c-bfdc-9f55151864c1/clear'
00:58:59.640 [AsyncHttpClient-3-1] DEBUG org.asynchttpclient.netty.handler.HttpHandler - 

Request DefaultHttpRequest(decodeResult: success, version: HTTP/1.1)
POST /session/0bbcf62e-023c-4e54-b231-966abc49b00b/element/eb931051-5ab8-452c-bfdc-9f55151864c1/clear HTTP/1.1
User-Agent: selenium/4.0.0-alpha-4 (java windows)
Content-Length: 50
Content-Type: application/json; charset=utf-8
host: localhost:23010
accept: */*

Response DefaultHttpResponse(decodeResult: success, version: HTTP/1.1)
HTTP/1.1 200 OK
content-type: application/json; charset=utf-8
cache-control: no-cache
content-length: 14
date: Wed, 01 Apr 2020 21:58:59 GMT

00:58:59.640 [AsyncHttpClient-3-1] DEBUG org.asynchttpclient.netty.channel.ChannelManager - Adding key: http://localhost:23010 for channel [id: 0xd0ddbf50, L:/127.0.0.1:51801 - R:localhost/127.0.0.1:23010]
00:58:59.642 [Forwarding findElement on session 0bbcf62e-023c-4e54-b231-966abc49b00b to remote] DEBUG org.asynchttpclient.netty.request.NettyRequestSender - Using pooled Channel '[id: 0xd0ddbf50, L:/127.0.0.1:51801 - R:localhost/127.0.0.1:23010]' for 'POST' to 'http://localhost:23010/session/0bbcf62e-023c-4e54-b231-966abc49b00b/element'
00:58:59.642 [Forwarding findElement on session 0bbcf62e-023c-4e54-b231-966abc49b00b to remote] DEBUG org.asynchttpclient.netty.request.NettyRequestSender - Using open Channel [id: 0xd0ddbf50, L:/127.0.0.1:51801 - R:localhost/127.0.0.1:23010] for POST '/session/0bbcf62e-023c-4e54-b231-966abc49b00b/element'
00:58:59.646 [AsyncHttpClient-3-1] DEBUG org.asynchttpclient.netty.handler.HttpHandler - 

Request DefaultHttpRequest(decodeResult: success, version: HTTP/1.1)
POST /session/0bbcf62e-023c-4e54-b231-966abc49b00b/element HTTP/1.1
User-Agent: selenium/4.0.0-alpha-4 (java windows)
Content-Length: 70
Content-Type: application/json; charset=utf-8
host: localhost:23010
accept: */*

Response DefaultHttpResponse(decodeResult: success, version: HTTP/1.1)
HTTP/1.1 200 OK
content-type: application/json; charset=utf-8
cache-control: no-cache
content-length: 88
date: Wed, 01 Apr 2020 21:58:59 GMT

00:58:59.647 [AsyncHttpClient-3-1] DEBUG org.asynchttpclient.netty.channel.ChannelManager - Adding key: http://localhost:23010 for channel [id: 0xd0ddbf50, L:/127.0.0.1:51801 - R:localhost/127.0.0.1:23010]
00:58:59.649 [Forwarding sendKeysToElement on session 0bbcf62e-023c-4e54-b231-966abc49b00b to remote] DEBUG org.asynchttpclient.netty.request.NettyRequestSender - Using pooled Channel '[id: 0xd0ddbf50, L:/127.0.0.1:51801 - R:localhost/127.0.0.1:23010]' for 'POST' to 'http://localhost:23010/session/0bbcf62e-023c-4e54-b231-966abc49b00b/element/eb931051-5ab8-452c-bfdc-9f55151864c1/value'
00:58:59.649 [Forwarding sendKeysToElement on session 0bbcf62e-023c-4e54-b231-966abc49b00b to remote] DEBUG org.asynchttpclient.netty.request.NettyRequestSender - Using open Channel [id: 0xd0ddbf50, L:/127.0.0.1:51801 - R:localhost/127.0.0.1:23010] for POST '/session/0bbcf62e-023c-4e54-b231-966abc49b00b/element/eb931051-5ab8-452c-bfdc-9f55151864c1/value'
00:58:59.671 [AsyncHttpClient-3-1] DEBUG org.asynchttpclient.netty.handler.HttpHandler - 

Request DefaultHttpRequest(decodeResult: success, version: HTTP/1.1)
POST /session/0bbcf62e-023c-4e54-b231-966abc49b00b/element/eb931051-5ab8-452c-bfdc-9f55151864c1/value HTTP/1.1
User-Agent: selenium/4.0.0-alpha-4 (java windows)
Content-Length: 161
Content-Type: application/json; charset=utf-8
host: localhost:23010
accept: */*

Response DefaultHttpResponse(decodeResult: success, version: HTTP/1.1)
HTTP/1.1 200 OK
content-type: application/json; charset=utf-8
cache-control: no-cache
content-length: 14
date: Wed, 01 Apr 2020 21:58:59 GMT

00:58:59.671 [AsyncHttpClient-3-1] DEBUG org.asynchttpclient.netty.channel.ChannelManager - Adding key: http://localhost:23010 for channel [id: 0xd0ddbf50, L:/127.0.0.1:51801 - R:localhost/127.0.0.1:23010]
00:58:59.674 [Forwarding findElement on session 0bbcf62e-023c-4e54-b231-966abc49b00b to remote] DEBUG org.asynchttpclient.netty.request.NettyRequestSender - Using pooled Channel '[id: 0xd0ddbf50, L:/127.0.0.1:51801 - R:localhost/127.0.0.1:23010]' for 'POST' to 'http://localhost:23010/session/0bbcf62e-023c-4e54-b231-966abc49b00b/element'
00:58:59.674 [Forwarding findElement on session 0bbcf62e-023c-4e54-b231-966abc49b00b to remote] DEBUG org.asynchttpclient.netty.request.NettyRequestSender - Using open Channel [id: 0xd0ddbf50, L:/127.0.0.1:51801 - R:localhost/127.0.0.1:23010] for POST '/session/0bbcf62e-023c-4e54-b231-966abc49b00b/element'
00:58:59.679 [AsyncHttpClient-3-1] DEBUG org.asynchttpclient.netty.handler.HttpHandler - 

Request DefaultHttpRequest(decodeResult: success, version: HTTP/1.1)
POST /session/0bbcf62e-023c-4e54-b231-966abc49b00b/element HTTP/1.1
User-Agent: selenium/4.0.0-alpha-4 (java windows)
Content-Length: 50
Content-Type: application/json; charset=utf-8
host: localhost:23010
accept: */*

Response DefaultHttpResponse(decodeResult: success, version: HTTP/1.1)
HTTP/1.1 200 OK
content-type: application/json; charset=utf-8
cache-control: no-cache
content-length: 88
date: Wed, 01 Apr 2020 21:58:59 GMT

00:58:59.680 [AsyncHttpClient-3-1] DEBUG org.asynchttpclient.netty.channel.ChannelManager - Adding key: http://localhost:23010 for channel [id: 0xd0ddbf50, L:/127.0.0.1:51801 - R:localhost/127.0.0.1:23010]
00:58:59.682 [Forwarding clickElement on session 0bbcf62e-023c-4e54-b231-966abc49b00b to remote] DEBUG org.asynchttpclient.netty.request.NettyRequestSender - Using pooled Channel '[id: 0xd0ddbf50, L:/127.0.0.1:51801 - R:localhost/127.0.0.1:23010]' for 'POST' to 'http://localhost:23010/session/0bbcf62e-023c-4e54-b231-966abc49b00b/element/e7ea4c87-28f9-4447-9f9c-332cb88eec5d/click'
00:58:59.682 [Forwarding clickElement on session 0bbcf62e-023c-4e54-b231-966abc49b00b to remote] DEBUG org.asynchttpclient.netty.request.NettyRequestSender - Using open Channel [id: 0xd0ddbf50, L:/127.0.0.1:51801 - R:localhost/127.0.0.1:23010] for POST '/session/0bbcf62e-023c-4e54-b231-966abc49b00b/element/e7ea4c87-28f9-4447-9f9c-332cb88eec5d/click'
00:59:00.002 [AsyncHttpClient-3-1] DEBUG org.asynchttpclient.netty.handler.HttpHandler - 

Request DefaultHttpRequest(decodeResult: success, version: HTTP/1.1)
POST /session/0bbcf62e-023c-4e54-b231-966abc49b00b/element/e7ea4c87-28f9-4447-9f9c-332cb88eec5d/click HTTP/1.1
User-Agent: selenium/4.0.0-alpha-4 (java windows)
Content-Length: 50
Content-Type: application/json; charset=utf-8
host: localhost:23010
accept: */*

Response DefaultHttpResponse(decodeResult: success, version: HTTP/1.1)
HTTP/1.1 200 OK
content-type: application/json; charset=utf-8
cache-control: no-cache
content-length: 14
date: Wed, 01 Apr 2020 21:58:59 GMT

00:59:00.005 [AsyncHttpClient-3-1] DEBUG org.asynchttpclient.netty.channel.ChannelManager - Adding key: http://localhost:23010 for channel [id: 0xd0ddbf50, L:/127.0.0.1:51801 - R:localhost/127.0.0.1:23010]
00:59:00.244 [AsyncHttpClient-timer-1-1] DEBUG org.asynchttpclient.netty.channel.DefaultChannelPool - Entry count for : http://localhost:23010 : 1
00:59:00.858 [Test worker] INFO org.subethamail.smtp.server.SMTPServer - SMTP server *:25 stopping
00:59:00.858 [Test worker] DEBUG org.subethamail.smtp.server.ServerThread - SMTP Server socket shut down
00:59:00.858 [org.subethamail.smtp.server.ServerThread *:25] INFO org.subethamail.smtp.server.ServerThread - SMTP server *:25 stopped
]]></system-out>
  <system-err><![CDATA[SLF4J: Class path contains multiple SLF4J bindings.
SLF4J: Found binding in [jar:file:/C:/Users/xxprokod/.gradle/caches/modules-2/files-2.1/ch.qos.logback/logback-classic/1.2.3/7c4f3c474fb2c041d8028740440937705ebb473a/logback-classic-1.2.3.jar!/org/slf4j/impl/StaticLoggerBinder.class]
SLF4J: Found binding in [jar:file:/C:/Users/xxprokod/.gradle/caches/modules-2/files-2.1/com.cisco.oss.foundation/logging-log4j/1.0.2-1/6a30195bf21e825693673fd5373a8ab4a48fc251/logging-log4j-1.0.2-1.jar!/org/slf4j/impl/StaticLoggerBinder.class]
SLF4J: See http://www.slf4j.org/codes.html#multiple_bindings for an explanation.
SLF4J: Actual binding is of type [ch.qos.logback.classic.util.ContextSelectorStaticBinder]
1585778330064	mozrunner::runner	INFO	Running command: "C:\\Program Files\\Mozilla Firefox\\firefox.exe" "-marionette" "-foreground" "-no-remote" "-profile" "C:\\Users\\xxprokod\\AppData\\Local\\Temp\\rust_mozprofile8A4IK4"
1585778330802	addons.webextension.doh-rollout@mozilla.org	WARN	Loading extension 'doh-rollout@mozilla.org': Reading manifest: Invalid extension permission: networkStatus
1585778331280	addons.webextension.screenshots@mozilla.org	WARN	Loading extension 'screenshots@mozilla.org': Reading manifest: Invalid extension permission: mozillaAddons
1585778331280	addons.webextension.screenshots@mozilla.org	WARN	Loading extension 'screenshots@mozilla.org': Reading manifest: Invalid extension permission: telemetry
1585778331280	addons.webextension.screenshots@mozilla.org	WARN	Loading extension 'screenshots@mozilla.org': Reading manifest: Invalid extension permission: resource://pdf.js/
1585778331280	addons.webextension.screenshots@mozilla.org	WARN	Loading extension 'screenshots@mozilla.org': Reading manifest: Invalid extension permission: about:reader*
JavaScript error: resource://gre/modules/XULStore.jsm, line 66: Error: Can't find profile directory.
1585778333901	Marionette	INFO	Listening on port 51802
1585778334391	Marionette	WARN	TLS certificate errors will be ignored for this session
Apr 02, 2020 12:58:54 AM org.openqa.selenium.remote.ProtocolHandshake createSession
INFO: Detected dialect: W3C
log4j:WARN No appenders could be found for logger (org.apache.http.client.protocol.RequestAddCookies).
log4j:WARN Please initialize the log4j system properly.
log4j:WARN See http://logging.apache.org/log4j/1.2/faq.html#noconfig for more info.
]]></system-err>
</testsuite>
