<?xml version="1.0" encoding="UTF-8"?>
<testsuite name="ru.stqa.pft.mantis.tests.RegistrationTests" tests="1" skipped="0" failures="0" errors="0" timestamp="2020-04-02T20:46:58" hostname="WL357543" time="33.421">
  <properties/>
  <testcase name="testRegistration" classname="ru.stqa.pft.mantis.tests.RegistrationTests" time="33.421"/>
  <system-out><![CDATA[JAMES Remote Administration Tool 2.3.1
Please enter your login and password
Login id:

Password:

Login failed for 
Login id:root

Password:root

Welcome root. HELP for a list of commandsadduser user1585860418506 password

User user1585860418506 addedquit
23:46:58.823 [Test worker] DEBUG io.netty.util.internal.logging.InternalLoggerFactory - Using SLF4J as the default logging framework
23:46:58.836 [Test worker] DEBUG io.netty.util.ResourceLeakDetector - -Dio.netty.leakDetection.level: simple
23:46:58.836 [Test worker] DEBUG io.netty.util.ResourceLeakDetector - -Dio.netty.leakDetection.targetRecords: 4
23:46:58.875 [Test worker] DEBUG io.netty.util.internal.PlatformDependent - Platform: Windows
23:46:58.879 [Test worker] DEBUG io.netty.util.internal.PlatformDependent0 - -Dio.netty.noUnsafe: false
23:46:58.879 [Test worker] DEBUG io.netty.util.internal.PlatformDependent0 - Java version: 8
23:46:58.883 [Test worker] DEBUG io.netty.util.internal.PlatformDependent0 - sun.misc.Unsafe.theUnsafe: available
23:46:58.886 [Test worker] DEBUG io.netty.util.internal.PlatformDependent0 - sun.misc.Unsafe.copyMemory: available
23:46:58.887 [Test worker] DEBUG io.netty.util.internal.PlatformDependent0 - java.nio.Buffer.address: available
23:46:58.888 [Test worker] DEBUG io.netty.util.internal.PlatformDependent0 - direct buffer constructor: available
23:46:58.889 [Test worker] DEBUG io.netty.util.internal.PlatformDependent0 - java.nio.Bits.unaligned: available, true
23:46:58.890 [Test worker] DEBUG io.netty.util.internal.PlatformDependent0 - jdk.internal.misc.Unsafe.allocateUninitializedArray(int): unavailable prior to Java9
23:46:58.890 [Test worker] DEBUG io.netty.util.internal.PlatformDependent0 - java.nio.DirectByteBuffer.<init>(long, int): available
23:46:58.890 [Test worker] DEBUG io.netty.util.internal.PlatformDependent - sun.misc.Unsafe: available
23:46:58.892 [Test worker] DEBUG io.netty.util.internal.PlatformDependent - -Dio.netty.tmpdir: C:\Users\xxprokod\AppData\Local\Temp (java.io.tmpdir)
23:46:58.893 [Test worker] DEBUG io.netty.util.internal.PlatformDependent - -Dio.netty.bitMode: 64 (sun.arch.data.model)
23:46:58.896 [Test worker] DEBUG io.netty.util.internal.PlatformDependent - -Dio.netty.maxDirectMemory: 477626368 bytes
23:46:58.897 [Test worker] DEBUG io.netty.util.internal.PlatformDependent - -Dio.netty.uninitializedArrayAllocationThreshold: -1
23:46:58.899 [Test worker] DEBUG io.netty.util.internal.CleanerJava6 - java.nio.ByteBuffer.cleaner(): available
23:46:58.899 [Test worker] DEBUG io.netty.util.internal.PlatformDependent - -Dio.netty.noPreferDirect: false
23:46:58.899 [Test worker] DEBUG io.netty.util.ResourceLeakDetectorFactory - Loaded default ResourceLeakDetector: io.netty.util.ResourceLeakDetector@26a51541
23:46:58.922 [Test worker] DEBUG io.netty.util.internal.PlatformDependent - org.jctools-core.MpscChunkedArrayQueue: available
23:46:59.525 [Test worker] DEBUG io.netty.handler.ssl.JdkSslContext - Default protocols (JDK): [TLSv1.2, TLSv1.1, TLSv1] 
23:46:59.525 [Test worker] DEBUG io.netty.handler.ssl.JdkSslContext - Default cipher suites (JDK): [TLS_ECDHE_ECDSA_WITH_AES_256_GCM_SHA384, TLS_ECDHE_ECDSA_WITH_AES_128_GCM_SHA256, TLS_ECDHE_RSA_WITH_AES_128_GCM_SHA256, TLS_ECDHE_RSA_WITH_AES_256_GCM_SHA384, TLS_ECDHE_RSA_WITH_AES_128_CBC_SHA, TLS_ECDHE_RSA_WITH_AES_256_CBC_SHA, TLS_RSA_WITH_AES_128_GCM_SHA256, TLS_RSA_WITH_AES_128_CBC_SHA, TLS_RSA_WITH_AES_256_CBC_SHA]
23:46:59.560 [Test worker] DEBUG io.netty.util.internal.InternalThreadLocalMap - -Dio.netty.threadLocalMap.stringBuilder.initialSize: 1024
23:46:59.560 [Test worker] DEBUG io.netty.util.internal.InternalThreadLocalMap - -Dio.netty.threadLocalMap.stringBuilder.maxSize: 4096
23:46:59.572 [Test worker] DEBUG io.netty.channel.MultithreadEventLoopGroup - -Dio.netty.eventLoopThreads: 16
23:46:59.590 [Test worker] DEBUG io.netty.channel.nio.NioEventLoop - -Dio.netty.noKeySetOptimization: false
23:46:59.590 [Test worker] DEBUG io.netty.channel.nio.NioEventLoop - -Dio.netty.selectorAutoRebuildThreshold: 512
23:46:59.639 [Test worker] DEBUG io.netty.buffer.PooledByteBufAllocator - -Dio.netty.allocator.numHeapArenas: 4
23:46:59.639 [Test worker] DEBUG io.netty.buffer.PooledByteBufAllocator - -Dio.netty.allocator.numDirectArenas: 4
23:46:59.639 [Test worker] DEBUG io.netty.buffer.PooledByteBufAllocator - -Dio.netty.allocator.pageSize: 8192
23:46:59.639 [Test worker] DEBUG io.netty.buffer.PooledByteBufAllocator - -Dio.netty.allocator.maxOrder: 11
23:46:59.639 [Test worker] DEBUG io.netty.buffer.PooledByteBufAllocator - -Dio.netty.allocator.chunkSize: 16777216
23:46:59.639 [Test worker] DEBUG io.netty.buffer.PooledByteBufAllocator - -Dio.netty.allocator.tinyCacheSize: 512
23:46:59.639 [Test worker] DEBUG io.netty.buffer.PooledByteBufAllocator - -Dio.netty.allocator.smallCacheSize: 256
23:46:59.639 [Test worker] DEBUG io.netty.buffer.PooledByteBufAllocator - -Dio.netty.allocator.normalCacheSize: 64
23:46:59.639 [Test worker] DEBUG io.netty.buffer.PooledByteBufAllocator - -Dio.netty.allocator.maxCachedBufferCapacity: 32768
23:46:59.639 [Test worker] DEBUG io.netty.buffer.PooledByteBufAllocator - -Dio.netty.allocator.cacheTrimInterval: 8192
23:46:59.639 [Test worker] DEBUG io.netty.buffer.PooledByteBufAllocator - -Dio.netty.allocator.cacheTrimIntervalMillis: 0
23:46:59.639 [Test worker] DEBUG io.netty.buffer.PooledByteBufAllocator - -Dio.netty.allocator.useCacheForAllThreads: true
23:46:59.639 [Test worker] DEBUG io.netty.buffer.PooledByteBufAllocator - -Dio.netty.allocator.maxCachedByteBuffersPerChunk: 1023
23:46:59.653 [Test worker] DEBUG io.netty.buffer.ByteBufUtil - -Dio.netty.allocator.type: pooled
23:46:59.653 [Test worker] DEBUG io.netty.buffer.ByteBufUtil - -Dio.netty.threadLocalDirectBufferSize: 0
23:46:59.653 [Test worker] DEBUG io.netty.buffer.ByteBufUtil - -Dio.netty.maxThreadLocalCharBufferSize: 16384
23:47:00.656 [Forwarding newSession on session null to remote] DEBUG io.netty.channel.DefaultChannelId - -Dio.netty.processId: 4116 (auto-detected)
23:47:00.659 [Forwarding newSession on session null to remote] DEBUG io.netty.util.NetUtil - -Djava.net.preferIPv4Stack: false
23:47:00.659 [Forwarding newSession on session null to remote] DEBUG io.netty.util.NetUtil - -Djava.net.preferIPv6Addresses: false
23:47:00.874 [Forwarding newSession on session null to remote] DEBUG io.netty.util.NetUtil - Loopback interface: lo (Software Loopback Interface 1, 127.0.0.1)
23:47:00.875 [Forwarding newSession on session null to remote] DEBUG io.netty.util.NetUtil - Failed to get SOMAXCONN from sysctl and file \proc\sys\net\core\somaxconn. Default: 200
23:47:01.111 [Forwarding newSession on session null to remote] DEBUG io.netty.channel.DefaultChannelId - -Dio.netty.machineId: 30:24:32:ff:fe:61:f0:3a (auto-detected)
23:47:01.199 [AsyncHttpClient-3-1] DEBUG io.netty.buffer.AbstractByteBuf - -Dio.netty.buffer.checkAccessible: true
23:47:01.199 [AsyncHttpClient-3-1] DEBUG io.netty.buffer.AbstractByteBuf - -Dio.netty.buffer.checkBounds: true
23:47:01.199 [AsyncHttpClient-3-1] DEBUG io.netty.util.ResourceLeakDetectorFactory - Loaded default ResourceLeakDetector: io.netty.util.ResourceLeakDetector@735f8ea3
23:47:01.215 [AsyncHttpClient-3-1] DEBUG org.asynchttpclient.netty.channel.NettyConnectListener - Using new Channel '[id: 0x0c445a4e, L:/127.0.0.1:50002 - R:localhost/127.0.0.1:17962]' for 'POST' to '/session'
23:47:01.237 [AsyncHttpClient-3-1] DEBUG io.netty.util.Recycler - -Dio.netty.recycler.maxCapacityPerThread: 4096
23:47:01.237 [AsyncHttpClient-3-1] DEBUG io.netty.util.Recycler - -Dio.netty.recycler.maxSharedCapacityFactor: 2
23:47:01.237 [AsyncHttpClient-3-1] DEBUG io.netty.util.Recycler - -Dio.netty.recycler.linkCapacity: 16
23:47:01.238 [AsyncHttpClient-3-1] DEBUG io.netty.util.Recycler - -Dio.netty.recycler.ratio: 8
23:47:05.180 [AsyncHttpClient-3-1] DEBUG org.asynchttpclient.netty.handler.HttpHandler - 

Request DefaultHttpRequest(decodeResult: success, version: HTTP/1.1)
POST /session HTTP/1.1
User-Agent: selenium/4.0.0-alpha-4 (java windows)
Content-Length: 427
Content-Type: application/json; charset=utf-8
host: localhost:17962
accept: */*

Response DefaultHttpResponse(decodeResult: success, version: HTTP/1.1)
HTTP/1.1 200 OK
content-type: application/json; charset=utf-8
cache-control: no-cache
content-length: 730
date: Thu, 02 Apr 2020 20:47:01 GMT

23:47:05.194 [AsyncHttpClient-3-1] DEBUG org.asynchttpclient.netty.channel.ChannelManager - Adding key: http://localhost:17962 for channel [id: 0x0c445a4e, L:/127.0.0.1:50002 - R:localhost/127.0.0.1:17962]
23:47:05.269 [Forwarding setTimeout on session de56f662-3862-425b-9a00-96b41c9dead6 to remote] DEBUG org.asynchttpclient.netty.request.NettyRequestSender - Using pooled Channel '[id: 0x0c445a4e, L:/127.0.0.1:50002 - R:localhost/127.0.0.1:17962]' for 'POST' to 'http://localhost:17962/session/de56f662-3862-425b-9a00-96b41c9dead6/timeouts'
23:47:05.269 [Forwarding setTimeout on session de56f662-3862-425b-9a00-96b41c9dead6 to remote] DEBUG org.asynchttpclient.netty.request.NettyRequestSender - Using open Channel [id: 0x0c445a4e, L:/127.0.0.1:50002 - R:localhost/127.0.0.1:17962] for POST '/session/de56f662-3862-425b-9a00-96b41c9dead6/timeouts'
23:47:05.294 [AsyncHttpClient-3-1] DEBUG org.asynchttpclient.netty.handler.HttpHandler - 

Request DefaultHttpRequest(decodeResult: success, version: HTTP/1.1)
POST /session/de56f662-3862-425b-9a00-96b41c9dead6/timeouts HTTP/1.1
User-Agent: selenium/4.0.0-alpha-4 (java windows)
Content-Length: 22
Content-Type: application/json; charset=utf-8
host: localhost:17962
accept: */*

Response DefaultHttpResponse(decodeResult: success, version: HTTP/1.1)
HTTP/1.1 200 OK
content-type: application/json; charset=utf-8
cache-control: no-cache
content-length: 14
date: Thu, 02 Apr 2020 20:47:05 GMT

23:47:05.295 [AsyncHttpClient-3-1] DEBUG org.asynchttpclient.netty.channel.ChannelManager - Adding key: http://localhost:17962 for channel [id: 0x0c445a4e, L:/127.0.0.1:50002 - R:localhost/127.0.0.1:17962]
23:47:05.311 [Forwarding get on session de56f662-3862-425b-9a00-96b41c9dead6 to remote] DEBUG org.asynchttpclient.netty.request.NettyRequestSender - Using pooled Channel '[id: 0x0c445a4e, L:/127.0.0.1:50002 - R:localhost/127.0.0.1:17962]' for 'POST' to 'http://localhost:17962/session/de56f662-3862-425b-9a00-96b41c9dead6/url'
23:47:05.312 [Forwarding get on session de56f662-3862-425b-9a00-96b41c9dead6 to remote] DEBUG org.asynchttpclient.netty.request.NettyRequestSender - Using open Channel [id: 0x0c445a4e, L:/127.0.0.1:50002 - R:localhost/127.0.0.1:17962] for POST '/session/de56f662-3862-425b-9a00-96b41c9dead6/url'
23:47:06.332 [AsyncHttpClient-3-1] DEBUG org.asynchttpclient.netty.handler.HttpHandler - 

Request DefaultHttpRequest(decodeResult: success, version: HTTP/1.1)
POST /session/de56f662-3862-425b-9a00-96b41c9dead6/url HTTP/1.1
User-Agent: selenium/4.0.0-alpha-4 (java windows)
Content-Length: 68
Content-Type: application/json; charset=utf-8
host: localhost:17962
accept: */*

Response DefaultHttpResponse(decodeResult: success, version: HTTP/1.1)
HTTP/1.1 200 OK
content-type: application/json; charset=utf-8
cache-control: no-cache
content-length: 14
date: Thu, 02 Apr 2020 20:47:05 GMT

23:47:06.333 [AsyncHttpClient-3-1] DEBUG org.asynchttpclient.netty.channel.ChannelManager - Adding key: http://localhost:17962 for channel [id: 0x0c445a4e, L:/127.0.0.1:50002 - R:localhost/127.0.0.1:17962]
23:47:06.343 [Forwarding get on session de56f662-3862-425b-9a00-96b41c9dead6 to remote] DEBUG org.asynchttpclient.netty.request.NettyRequestSender - Using pooled Channel '[id: 0x0c445a4e, L:/127.0.0.1:50002 - R:localhost/127.0.0.1:17962]' for 'POST' to 'http://localhost:17962/session/de56f662-3862-425b-9a00-96b41c9dead6/url'
23:47:06.344 [Forwarding get on session de56f662-3862-425b-9a00-96b41c9dead6 to remote] DEBUG org.asynchttpclient.netty.request.NettyRequestSender - Using open Channel [id: 0x0c445a4e, L:/127.0.0.1:50002 - R:localhost/127.0.0.1:17962] for POST '/session/de56f662-3862-425b-9a00-96b41c9dead6/url'
23:47:06.840 [AsyncHttpClient-3-1] DEBUG org.asynchttpclient.netty.handler.HttpHandler - 

Request DefaultHttpRequest(decodeResult: success, version: HTTP/1.1)
POST /session/de56f662-3862-425b-9a00-96b41c9dead6/url HTTP/1.1
User-Agent: selenium/4.0.0-alpha-4 (java windows)
Content-Length: 89
Content-Type: application/json; charset=utf-8
host: localhost:17962
accept: */*

Response DefaultHttpResponse(decodeResult: success, version: HTTP/1.1)
HTTP/1.1 200 OK
content-type: application/json; charset=utf-8
cache-control: no-cache
content-length: 14
date: Thu, 02 Apr 2020 20:47:06 GMT

23:47:06.842 [AsyncHttpClient-3-1] DEBUG org.asynchttpclient.netty.channel.ChannelManager - Adding key: http://localhost:17962 for channel [id: 0x0c445a4e, L:/127.0.0.1:50002 - R:localhost/127.0.0.1:17962]
23:47:06.850 [Forwarding findElement on session de56f662-3862-425b-9a00-96b41c9dead6 to remote] DEBUG org.asynchttpclient.netty.request.NettyRequestSender - Using pooled Channel '[id: 0x0c445a4e, L:/127.0.0.1:50002 - R:localhost/127.0.0.1:17962]' for 'POST' to 'http://localhost:17962/session/de56f662-3862-425b-9a00-96b41c9dead6/element'
23:47:06.850 [Forwarding findElement on session de56f662-3862-425b-9a00-96b41c9dead6 to remote] DEBUG org.asynchttpclient.netty.request.NettyRequestSender - Using open Channel [id: 0x0c445a4e, L:/127.0.0.1:50002 - R:localhost/127.0.0.1:17962] for POST '/session/de56f662-3862-425b-9a00-96b41c9dead6/element'
23:47:06.857 [AsyncHttpClient-3-1] DEBUG org.asynchttpclient.netty.handler.HttpHandler - 

Request DefaultHttpRequest(decodeResult: success, version: HTTP/1.1)
POST /session/de56f662-3862-425b-9a00-96b41c9dead6/element HTTP/1.1
User-Agent: selenium/4.0.0-alpha-4 (java windows)
Content-Length: 62
Content-Type: application/json; charset=utf-8
host: localhost:17962
accept: */*

Response DefaultHttpResponse(decodeResult: success, version: HTTP/1.1)
HTTP/1.1 200 OK
content-type: application/json; charset=utf-8
cache-control: no-cache
content-length: 88
date: Thu, 02 Apr 2020 20:47:06 GMT

23:47:06.859 [AsyncHttpClient-3-1] DEBUG org.asynchttpclient.netty.channel.ChannelManager - Adding key: http://localhost:17962 for channel [id: 0x0c445a4e, L:/127.0.0.1:50002 - R:localhost/127.0.0.1:17962]
23:47:06.878 [Forwarding clickElement on session de56f662-3862-425b-9a00-96b41c9dead6 to remote] DEBUG org.asynchttpclient.netty.request.NettyRequestSender - Using pooled Channel '[id: 0x0c445a4e, L:/127.0.0.1:50002 - R:localhost/127.0.0.1:17962]' for 'POST' to 'http://localhost:17962/session/de56f662-3862-425b-9a00-96b41c9dead6/element/84c408f4-52fe-4e28-8ecb-17a4c3c4ceb4/click'
23:47:06.879 [Forwarding clickElement on session de56f662-3862-425b-9a00-96b41c9dead6 to remote] DEBUG org.asynchttpclient.netty.request.NettyRequestSender - Using open Channel [id: 0x0c445a4e, L:/127.0.0.1:50002 - R:localhost/127.0.0.1:17962] for POST '/session/de56f662-3862-425b-9a00-96b41c9dead6/element/84c408f4-52fe-4e28-8ecb-17a4c3c4ceb4/click'
23:47:07.104 [AsyncHttpClient-3-1] DEBUG org.asynchttpclient.netty.handler.HttpHandler - 

Request DefaultHttpRequest(decodeResult: success, version: HTTP/1.1)
POST /session/de56f662-3862-425b-9a00-96b41c9dead6/element/84c408f4-52fe-4e28-8ecb-17a4c3c4ceb4/click HTTP/1.1
User-Agent: selenium/4.0.0-alpha-4 (java windows)
Content-Length: 50
Content-Type: application/json; charset=utf-8
host: localhost:17962
accept: */*

Response DefaultHttpResponse(decodeResult: success, version: HTTP/1.1)
HTTP/1.1 200 OK
content-type: application/json; charset=utf-8
cache-control: no-cache
content-length: 14
date: Thu, 02 Apr 2020 20:47:06 GMT

23:47:07.105 [AsyncHttpClient-3-1] DEBUG org.asynchttpclient.netty.channel.ChannelManager - Adding key: http://localhost:17962 for channel [id: 0x0c445a4e, L:/127.0.0.1:50002 - R:localhost/127.0.0.1:17962]
23:47:07.107 [Forwarding findElement on session de56f662-3862-425b-9a00-96b41c9dead6 to remote] DEBUG org.asynchttpclient.netty.request.NettyRequestSender - Using pooled Channel '[id: 0x0c445a4e, L:/127.0.0.1:50002 - R:localhost/127.0.0.1:17962]' for 'POST' to 'http://localhost:17962/session/de56f662-3862-425b-9a00-96b41c9dead6/element'
23:47:07.107 [Forwarding findElement on session de56f662-3862-425b-9a00-96b41c9dead6 to remote] DEBUG org.asynchttpclient.netty.request.NettyRequestSender - Using open Channel [id: 0x0c445a4e, L:/127.0.0.1:50002 - R:localhost/127.0.0.1:17962] for POST '/session/de56f662-3862-425b-9a00-96b41c9dead6/element'
23:47:07.111 [AsyncHttpClient-3-1] DEBUG org.asynchttpclient.netty.handler.HttpHandler - 

Request DefaultHttpRequest(decodeResult: success, version: HTTP/1.1)
POST /session/de56f662-3862-425b-9a00-96b41c9dead6/element HTTP/1.1
User-Agent: selenium/4.0.0-alpha-4 (java windows)
Content-Length: 62
Content-Type: application/json; charset=utf-8
host: localhost:17962
accept: */*

Response DefaultHttpResponse(decodeResult: success, version: HTTP/1.1)
HTTP/1.1 200 OK
content-type: application/json; charset=utf-8
cache-control: no-cache
content-length: 88
date: Thu, 02 Apr 2020 20:47:07 GMT

23:47:07.112 [AsyncHttpClient-3-1] DEBUG org.asynchttpclient.netty.channel.ChannelManager - Adding key: http://localhost:17962 for channel [id: 0x0c445a4e, L:/127.0.0.1:50002 - R:localhost/127.0.0.1:17962]
23:47:07.142 [Forwarding getElementAttribute on session de56f662-3862-425b-9a00-96b41c9dead6 to remote] DEBUG org.asynchttpclient.netty.request.NettyRequestSender - Using pooled Channel '[id: 0x0c445a4e, L:/127.0.0.1:50002 - R:localhost/127.0.0.1:17962]' for 'POST' to 'http://localhost:17962/session/de56f662-3862-425b-9a00-96b41c9dead6/execute/sync'
23:47:07.142 [Forwarding getElementAttribute on session de56f662-3862-425b-9a00-96b41c9dead6 to remote] DEBUG org.asynchttpclient.netty.request.NettyRequestSender - Using open Channel [id: 0x0c445a4e, L:/127.0.0.1:50002 - R:localhost/127.0.0.1:17962] for POST '/session/de56f662-3862-425b-9a00-96b41c9dead6/execute/sync'
23:47:07.165 [AsyncHttpClient-3-1] DEBUG org.asynchttpclient.netty.handler.HttpHandler - 

Request DefaultHttpRequest(decodeResult: success, version: HTTP/1.1)
POST /session/de56f662-3862-425b-9a00-96b41c9dead6/execute/sync HTTP/1.1
User-Agent: selenium/4.0.0-alpha-4 (java windows)
Content-Length: 39635
Content-Type: application/json; charset=utf-8
host: localhost:17962
accept: */*

Response DefaultHttpResponse(decodeResult: success, version: HTTP/1.1)
HTTP/1.1 200 OK
content-type: application/json; charset=utf-8
cache-control: no-cache
content-length: 12
date: Thu, 02 Apr 2020 20:47:07 GMT

23:47:07.166 [AsyncHttpClient-3-1] DEBUG org.asynchttpclient.netty.channel.ChannelManager - Adding key: http://localhost:17962 for channel [id: 0x0c445a4e, L:/127.0.0.1:50002 - R:localhost/127.0.0.1:17962]
23:47:07.168 [Forwarding findElement on session de56f662-3862-425b-9a00-96b41c9dead6 to remote] DEBUG org.asynchttpclient.netty.request.NettyRequestSender - Using pooled Channel '[id: 0x0c445a4e, L:/127.0.0.1:50002 - R:localhost/127.0.0.1:17962]' for 'POST' to 'http://localhost:17962/session/de56f662-3862-425b-9a00-96b41c9dead6/element'
23:47:07.168 [Forwarding findElement on session de56f662-3862-425b-9a00-96b41c9dead6 to remote] DEBUG org.asynchttpclient.netty.request.NettyRequestSender - Using open Channel [id: 0x0c445a4e, L:/127.0.0.1:50002 - R:localhost/127.0.0.1:17962] for POST '/session/de56f662-3862-425b-9a00-96b41c9dead6/element'
23:47:07.172 [AsyncHttpClient-3-1] DEBUG org.asynchttpclient.netty.handler.HttpHandler - 

Request DefaultHttpRequest(decodeResult: success, version: HTTP/1.1)
POST /session/de56f662-3862-425b-9a00-96b41c9dead6/element HTTP/1.1
User-Agent: selenium/4.0.0-alpha-4 (java windows)
Content-Length: 62
Content-Type: application/json; charset=utf-8
host: localhost:17962
accept: */*

Response DefaultHttpResponse(decodeResult: success, version: HTTP/1.1)
HTTP/1.1 200 OK
content-type: application/json; charset=utf-8
cache-control: no-cache
content-length: 88
date: Thu, 02 Apr 2020 20:47:07 GMT

23:47:07.173 [AsyncHttpClient-3-1] DEBUG org.asynchttpclient.netty.channel.ChannelManager - Adding key: http://localhost:17962 for channel [id: 0x0c445a4e, L:/127.0.0.1:50002 - R:localhost/127.0.0.1:17962]
23:47:07.176 [Forwarding clearElement on session de56f662-3862-425b-9a00-96b41c9dead6 to remote] DEBUG org.asynchttpclient.netty.request.NettyRequestSender - Using pooled Channel '[id: 0x0c445a4e, L:/127.0.0.1:50002 - R:localhost/127.0.0.1:17962]' for 'POST' to 'http://localhost:17962/session/de56f662-3862-425b-9a00-96b41c9dead6/element/84c408f4-52fe-4e28-8ecb-17a4c3c4ceb4/clear'
23:47:07.176 [Forwarding clearElement on session de56f662-3862-425b-9a00-96b41c9dead6 to remote] DEBUG org.asynchttpclient.netty.request.NettyRequestSender - Using open Channel [id: 0x0c445a4e, L:/127.0.0.1:50002 - R:localhost/127.0.0.1:17962] for POST '/session/de56f662-3862-425b-9a00-96b41c9dead6/element/84c408f4-52fe-4e28-8ecb-17a4c3c4ceb4/clear'
23:47:07.183 [AsyncHttpClient-3-1] DEBUG org.asynchttpclient.netty.handler.HttpHandler - 

Request DefaultHttpRequest(decodeResult: success, version: HTTP/1.1)
POST /session/de56f662-3862-425b-9a00-96b41c9dead6/element/84c408f4-52fe-4e28-8ecb-17a4c3c4ceb4/clear HTTP/1.1
User-Agent: selenium/4.0.0-alpha-4 (java windows)
Content-Length: 50
Content-Type: application/json; charset=utf-8
host: localhost:17962
accept: */*

Response DefaultHttpResponse(decodeResult: success, version: HTTP/1.1)
HTTP/1.1 200 OK
content-type: application/json; charset=utf-8
cache-control: no-cache
content-length: 14
date: Thu, 02 Apr 2020 20:47:07 GMT

23:47:07.183 [AsyncHttpClient-3-1] DEBUG org.asynchttpclient.netty.channel.ChannelManager - Adding key: http://localhost:17962 for channel [id: 0x0c445a4e, L:/127.0.0.1:50002 - R:localhost/127.0.0.1:17962]
23:47:07.185 [Forwarding findElement on session de56f662-3862-425b-9a00-96b41c9dead6 to remote] DEBUG org.asynchttpclient.netty.request.NettyRequestSender - Using pooled Channel '[id: 0x0c445a4e, L:/127.0.0.1:50002 - R:localhost/127.0.0.1:17962]' for 'POST' to 'http://localhost:17962/session/de56f662-3862-425b-9a00-96b41c9dead6/element'
23:47:07.186 [Forwarding findElement on session de56f662-3862-425b-9a00-96b41c9dead6 to remote] DEBUG org.asynchttpclient.netty.request.NettyRequestSender - Using open Channel [id: 0x0c445a4e, L:/127.0.0.1:50002 - R:localhost/127.0.0.1:17962] for POST '/session/de56f662-3862-425b-9a00-96b41c9dead6/element'
23:47:07.193 [AsyncHttpClient-3-1] DEBUG org.asynchttpclient.netty.handler.HttpHandler - 

Request DefaultHttpRequest(decodeResult: success, version: HTTP/1.1)
POST /session/de56f662-3862-425b-9a00-96b41c9dead6/element HTTP/1.1
User-Agent: selenium/4.0.0-alpha-4 (java windows)
Content-Length: 62
Content-Type: application/json; charset=utf-8
host: localhost:17962
accept: */*

Response DefaultHttpResponse(decodeResult: success, version: HTTP/1.1)
HTTP/1.1 200 OK
content-type: application/json; charset=utf-8
cache-control: no-cache
content-length: 88
date: Thu, 02 Apr 2020 20:47:07 GMT

23:47:07.194 [AsyncHttpClient-3-1] DEBUG org.asynchttpclient.netty.channel.ChannelManager - Adding key: http://localhost:17962 for channel [id: 0x0c445a4e, L:/127.0.0.1:50002 - R:localhost/127.0.0.1:17962]
23:47:07.202 [Forwarding sendKeysToElement on session de56f662-3862-425b-9a00-96b41c9dead6 to remote] DEBUG org.asynchttpclient.netty.request.NettyRequestSender - Using pooled Channel '[id: 0x0c445a4e, L:/127.0.0.1:50002 - R:localhost/127.0.0.1:17962]' for 'POST' to 'http://localhost:17962/session/de56f662-3862-425b-9a00-96b41c9dead6/element/84c408f4-52fe-4e28-8ecb-17a4c3c4ceb4/value'
23:47:07.202 [Forwarding sendKeysToElement on session de56f662-3862-425b-9a00-96b41c9dead6 to remote] DEBUG org.asynchttpclient.netty.request.NettyRequestSender - Using open Channel [id: 0x0c445a4e, L:/127.0.0.1:50002 - R:localhost/127.0.0.1:17962] for POST '/session/de56f662-3862-425b-9a00-96b41c9dead6/element/84c408f4-52fe-4e28-8ecb-17a4c3c4ceb4/value'
23:47:07.238 [AsyncHttpClient-3-1] DEBUG org.asynchttpclient.netty.handler.HttpHandler - 

Request DefaultHttpRequest(decodeResult: success, version: HTTP/1.1)
POST /session/de56f662-3862-425b-9a00-96b41c9dead6/element/84c408f4-52fe-4e28-8ecb-17a4c3c4ceb4/value HTTP/1.1
User-Agent: selenium/4.0.0-alpha-4 (java windows)
Content-Length: 251
Content-Type: application/json; charset=utf-8
host: localhost:17962
accept: */*

Response DefaultHttpResponse(decodeResult: success, version: HTTP/1.1)
HTTP/1.1 200 OK
content-type: application/json; charset=utf-8
cache-control: no-cache
content-length: 14
date: Thu, 02 Apr 2020 20:47:07 GMT

23:47:07.238 [AsyncHttpClient-3-1] DEBUG org.asynchttpclient.netty.channel.ChannelManager - Adding key: http://localhost:17962 for channel [id: 0x0c445a4e, L:/127.0.0.1:50002 - R:localhost/127.0.0.1:17962]
23:47:07.242 [Forwarding findElement on session de56f662-3862-425b-9a00-96b41c9dead6 to remote] DEBUG org.asynchttpclient.netty.request.NettyRequestSender - Using pooled Channel '[id: 0x0c445a4e, L:/127.0.0.1:50002 - R:localhost/127.0.0.1:17962]' for 'POST' to 'http://localhost:17962/session/de56f662-3862-425b-9a00-96b41c9dead6/element'
23:47:07.242 [Forwarding findElement on session de56f662-3862-425b-9a00-96b41c9dead6 to remote] DEBUG org.asynchttpclient.netty.request.NettyRequestSender - Using open Channel [id: 0x0c445a4e, L:/127.0.0.1:50002 - R:localhost/127.0.0.1:17962] for POST '/session/de56f662-3862-425b-9a00-96b41c9dead6/element'
23:47:07.248 [AsyncHttpClient-3-1] DEBUG org.asynchttpclient.netty.handler.HttpHandler - 

Request DefaultHttpRequest(decodeResult: success, version: HTTP/1.1)
POST /session/de56f662-3862-425b-9a00-96b41c9dead6/element HTTP/1.1
User-Agent: selenium/4.0.0-alpha-4 (java windows)
Content-Length: 59
Content-Type: application/json; charset=utf-8
host: localhost:17962
accept: */*

Response DefaultHttpResponse(decodeResult: success, version: HTTP/1.1)
HTTP/1.1 200 OK
content-type: application/json; charset=utf-8
cache-control: no-cache
content-length: 88
date: Thu, 02 Apr 2020 20:47:07 GMT

23:47:07.248 [AsyncHttpClient-3-1] DEBUG org.asynchttpclient.netty.channel.ChannelManager - Adding key: http://localhost:17962 for channel [id: 0x0c445a4e, L:/127.0.0.1:50002 - R:localhost/127.0.0.1:17962]
23:47:07.251 [Forwarding clickElement on session de56f662-3862-425b-9a00-96b41c9dead6 to remote] DEBUG org.asynchttpclient.netty.request.NettyRequestSender - Using pooled Channel '[id: 0x0c445a4e, L:/127.0.0.1:50002 - R:localhost/127.0.0.1:17962]' for 'POST' to 'http://localhost:17962/session/de56f662-3862-425b-9a00-96b41c9dead6/element/04de3326-60b7-4e3e-8484-de59ff2c69a8/click'
23:47:07.252 [Forwarding clickElement on session de56f662-3862-425b-9a00-96b41c9dead6 to remote] DEBUG org.asynchttpclient.netty.request.NettyRequestSender - Using open Channel [id: 0x0c445a4e, L:/127.0.0.1:50002 - R:localhost/127.0.0.1:17962] for POST '/session/de56f662-3862-425b-9a00-96b41c9dead6/element/04de3326-60b7-4e3e-8484-de59ff2c69a8/click'
23:47:07.476 [AsyncHttpClient-3-1] DEBUG org.asynchttpclient.netty.handler.HttpHandler - 

Request DefaultHttpRequest(decodeResult: success, version: HTTP/1.1)
POST /session/de56f662-3862-425b-9a00-96b41c9dead6/element/04de3326-60b7-4e3e-8484-de59ff2c69a8/click HTTP/1.1
User-Agent: selenium/4.0.0-alpha-4 (java windows)
Content-Length: 50
Content-Type: application/json; charset=utf-8
host: localhost:17962
accept: */*

Response DefaultHttpResponse(decodeResult: success, version: HTTP/1.1)
HTTP/1.1 200 OK
content-type: application/json; charset=utf-8
cache-control: no-cache
content-length: 14
date: Thu, 02 Apr 2020 20:47:07 GMT

23:47:07.476 [AsyncHttpClient-3-1] DEBUG org.asynchttpclient.netty.channel.ChannelManager - Adding key: http://localhost:17962 for channel [id: 0x0c445a4e, L:/127.0.0.1:50002 - R:localhost/127.0.0.1:17962]
23:47:07.480 [Forwarding findElement on session de56f662-3862-425b-9a00-96b41c9dead6 to remote] DEBUG org.asynchttpclient.netty.request.NettyRequestSender - Using pooled Channel '[id: 0x0c445a4e, L:/127.0.0.1:50002 - R:localhost/127.0.0.1:17962]' for 'POST' to 'http://localhost:17962/session/de56f662-3862-425b-9a00-96b41c9dead6/element'
23:47:07.480 [Forwarding findElement on session de56f662-3862-425b-9a00-96b41c9dead6 to remote] DEBUG org.asynchttpclient.netty.request.NettyRequestSender - Using open Channel [id: 0x0c445a4e, L:/127.0.0.1:50002 - R:localhost/127.0.0.1:17962] for POST '/session/de56f662-3862-425b-9a00-96b41c9dead6/element'
23:47:07.489 [AsyncHttpClient-3-1] DEBUG org.asynchttpclient.netty.handler.HttpHandler - 

Request DefaultHttpRequest(decodeResult: success, version: HTTP/1.1)
POST /session/de56f662-3862-425b-9a00-96b41c9dead6/element HTTP/1.1
User-Agent: selenium/4.0.0-alpha-4 (java windows)
Content-Length: 59
Content-Type: application/json; charset=utf-8
host: localhost:17962
accept: */*

Response DefaultHttpResponse(decodeResult: success, version: HTTP/1.1)
HTTP/1.1 200 OK
content-type: application/json; charset=utf-8
cache-control: no-cache
content-length: 88
date: Thu, 02 Apr 2020 20:47:07 GMT

23:47:07.490 [AsyncHttpClient-3-1] DEBUG org.asynchttpclient.netty.channel.ChannelManager - Adding key: http://localhost:17962 for channel [id: 0x0c445a4e, L:/127.0.0.1:50002 - R:localhost/127.0.0.1:17962]
23:47:07.502 [Forwarding getElementAttribute on session de56f662-3862-425b-9a00-96b41c9dead6 to remote] DEBUG org.asynchttpclient.netty.request.NettyRequestSender - Using pooled Channel '[id: 0x0c445a4e, L:/127.0.0.1:50002 - R:localhost/127.0.0.1:17962]' for 'POST' to 'http://localhost:17962/session/de56f662-3862-425b-9a00-96b41c9dead6/execute/sync'
23:47:07.502 [Forwarding getElementAttribute on session de56f662-3862-425b-9a00-96b41c9dead6 to remote] DEBUG org.asynchttpclient.netty.request.NettyRequestSender - Using open Channel [id: 0x0c445a4e, L:/127.0.0.1:50002 - R:localhost/127.0.0.1:17962] for POST '/session/de56f662-3862-425b-9a00-96b41c9dead6/execute/sync'
23:47:07.523 [AsyncHttpClient-3-1] DEBUG org.asynchttpclient.netty.handler.HttpHandler - 

Request DefaultHttpRequest(decodeResult: success, version: HTTP/1.1)
POST /session/de56f662-3862-425b-9a00-96b41c9dead6/execute/sync HTTP/1.1
User-Agent: selenium/4.0.0-alpha-4 (java windows)
Content-Length: 39635
Content-Type: application/json; charset=utf-8
host: localhost:17962
accept: */*

Response DefaultHttpResponse(decodeResult: success, version: HTTP/1.1)
HTTP/1.1 200 OK
content-type: application/json; charset=utf-8
cache-control: no-cache
content-length: 12
date: Thu, 02 Apr 2020 20:47:07 GMT

23:47:07.524 [AsyncHttpClient-3-1] DEBUG org.asynchttpclient.netty.channel.ChannelManager - Adding key: http://localhost:17962 for channel [id: 0x0c445a4e, L:/127.0.0.1:50002 - R:localhost/127.0.0.1:17962]
23:47:07.525 [Forwarding findElement on session de56f662-3862-425b-9a00-96b41c9dead6 to remote] DEBUG org.asynchttpclient.netty.request.NettyRequestSender - Using pooled Channel '[id: 0x0c445a4e, L:/127.0.0.1:50002 - R:localhost/127.0.0.1:17962]' for 'POST' to 'http://localhost:17962/session/de56f662-3862-425b-9a00-96b41c9dead6/element'
23:47:07.526 [Forwarding findElement on session de56f662-3862-425b-9a00-96b41c9dead6 to remote] DEBUG org.asynchttpclient.netty.request.NettyRequestSender - Using open Channel [id: 0x0c445a4e, L:/127.0.0.1:50002 - R:localhost/127.0.0.1:17962] for POST '/session/de56f662-3862-425b-9a00-96b41c9dead6/element'
23:47:07.531 [AsyncHttpClient-3-1] DEBUG org.asynchttpclient.netty.handler.HttpHandler - 

Request DefaultHttpRequest(decodeResult: success, version: HTTP/1.1)
POST /session/de56f662-3862-425b-9a00-96b41c9dead6/element HTTP/1.1
User-Agent: selenium/4.0.0-alpha-4 (java windows)
Content-Length: 59
Content-Type: application/json; charset=utf-8
host: localhost:17962
accept: */*

Response DefaultHttpResponse(decodeResult: success, version: HTTP/1.1)
HTTP/1.1 200 OK
content-type: application/json; charset=utf-8
cache-control: no-cache
content-length: 88
date: Thu, 02 Apr 2020 20:47:07 GMT

23:47:07.531 [AsyncHttpClient-3-1] DEBUG org.asynchttpclient.netty.channel.ChannelManager - Adding key: http://localhost:17962 for channel [id: 0x0c445a4e, L:/127.0.0.1:50002 - R:localhost/127.0.0.1:17962]
23:47:07.533 [Forwarding clearElement on session de56f662-3862-425b-9a00-96b41c9dead6 to remote] DEBUG org.asynchttpclient.netty.request.NettyRequestSender - Using pooled Channel '[id: 0x0c445a4e, L:/127.0.0.1:50002 - R:localhost/127.0.0.1:17962]' for 'POST' to 'http://localhost:17962/session/de56f662-3862-425b-9a00-96b41c9dead6/element/04de3326-60b7-4e3e-8484-de59ff2c69a8/clear'
23:47:07.533 [Forwarding clearElement on session de56f662-3862-425b-9a00-96b41c9dead6 to remote] DEBUG org.asynchttpclient.netty.request.NettyRequestSender - Using open Channel [id: 0x0c445a4e, L:/127.0.0.1:50002 - R:localhost/127.0.0.1:17962] for POST '/session/de56f662-3862-425b-9a00-96b41c9dead6/element/04de3326-60b7-4e3e-8484-de59ff2c69a8/clear'
23:47:07.537 [AsyncHttpClient-3-1] DEBUG org.asynchttpclient.netty.handler.HttpHandler - 

Request DefaultHttpRequest(decodeResult: success, version: HTTP/1.1)
POST /session/de56f662-3862-425b-9a00-96b41c9dead6/element/04de3326-60b7-4e3e-8484-de59ff2c69a8/clear HTTP/1.1
User-Agent: selenium/4.0.0-alpha-4 (java windows)
Content-Length: 50
Content-Type: application/json; charset=utf-8
host: localhost:17962
accept: */*

Response DefaultHttpResponse(decodeResult: success, version: HTTP/1.1)
HTTP/1.1 200 OK
content-type: application/json; charset=utf-8
cache-control: no-cache
content-length: 14
date: Thu, 02 Apr 2020 20:47:07 GMT

23:47:07.538 [AsyncHttpClient-3-1] DEBUG org.asynchttpclient.netty.channel.ChannelManager - Adding key: http://localhost:17962 for channel [id: 0x0c445a4e, L:/127.0.0.1:50002 - R:localhost/127.0.0.1:17962]
23:47:07.539 [Forwarding findElement on session de56f662-3862-425b-9a00-96b41c9dead6 to remote] DEBUG org.asynchttpclient.netty.request.NettyRequestSender - Using pooled Channel '[id: 0x0c445a4e, L:/127.0.0.1:50002 - R:localhost/127.0.0.1:17962]' for 'POST' to 'http://localhost:17962/session/de56f662-3862-425b-9a00-96b41c9dead6/element'
23:47:07.539 [Forwarding findElement on session de56f662-3862-425b-9a00-96b41c9dead6 to remote] DEBUG org.asynchttpclient.netty.request.NettyRequestSender - Using open Channel [id: 0x0c445a4e, L:/127.0.0.1:50002 - R:localhost/127.0.0.1:17962] for POST '/session/de56f662-3862-425b-9a00-96b41c9dead6/element'
23:47:07.543 [AsyncHttpClient-3-1] DEBUG org.asynchttpclient.netty.handler.HttpHandler - 

Request DefaultHttpRequest(decodeResult: success, version: HTTP/1.1)
POST /session/de56f662-3862-425b-9a00-96b41c9dead6/element HTTP/1.1
User-Agent: selenium/4.0.0-alpha-4 (java windows)
Content-Length: 59
Content-Type: application/json; charset=utf-8
host: localhost:17962
accept: */*

Response DefaultHttpResponse(decodeResult: success, version: HTTP/1.1)
HTTP/1.1 200 OK
content-type: application/json; charset=utf-8
cache-control: no-cache
content-length: 88
date: Thu, 02 Apr 2020 20:47:07 GMT

23:47:07.543 [AsyncHttpClient-3-1] DEBUG org.asynchttpclient.netty.channel.ChannelManager - Adding key: http://localhost:17962 for channel [id: 0x0c445a4e, L:/127.0.0.1:50002 - R:localhost/127.0.0.1:17962]
23:47:07.546 [Forwarding sendKeysToElement on session de56f662-3862-425b-9a00-96b41c9dead6 to remote] DEBUG org.asynchttpclient.netty.request.NettyRequestSender - Using pooled Channel '[id: 0x0c445a4e, L:/127.0.0.1:50002 - R:localhost/127.0.0.1:17962]' for 'POST' to 'http://localhost:17962/session/de56f662-3862-425b-9a00-96b41c9dead6/element/04de3326-60b7-4e3e-8484-de59ff2c69a8/value'
23:47:07.546 [Forwarding sendKeysToElement on session de56f662-3862-425b-9a00-96b41c9dead6 to remote] DEBUG org.asynchttpclient.netty.request.NettyRequestSender - Using open Channel [id: 0x0c445a4e, L:/127.0.0.1:50002 - R:localhost/127.0.0.1:17962] for POST '/session/de56f662-3862-425b-9a00-96b41c9dead6/element/04de3326-60b7-4e3e-8484-de59ff2c69a8/value'
23:47:07.576 [AsyncHttpClient-3-1] DEBUG org.asynchttpclient.netty.handler.HttpHandler - 

Request DefaultHttpRequest(decodeResult: success, version: HTTP/1.1)
POST /session/de56f662-3862-425b-9a00-96b41c9dead6/element/04de3326-60b7-4e3e-8484-de59ff2c69a8/value HTTP/1.1
User-Agent: selenium/4.0.0-alpha-4 (java windows)
Content-Length: 351
Content-Type: application/json; charset=utf-8
host: localhost:17962
accept: */*

Response DefaultHttpResponse(decodeResult: success, version: HTTP/1.1)
HTTP/1.1 200 OK
content-type: application/json; charset=utf-8
cache-control: no-cache
content-length: 14
date: Thu, 02 Apr 2020 20:47:07 GMT

23:47:07.576 [AsyncHttpClient-3-1] DEBUG org.asynchttpclient.netty.channel.ChannelManager - Adding key: http://localhost:17962 for channel [id: 0x0c445a4e, L:/127.0.0.1:50002 - R:localhost/127.0.0.1:17962]
23:47:07.578 [Forwarding findElement on session de56f662-3862-425b-9a00-96b41c9dead6 to remote] DEBUG org.asynchttpclient.netty.request.NettyRequestSender - Using pooled Channel '[id: 0x0c445a4e, L:/127.0.0.1:50002 - R:localhost/127.0.0.1:17962]' for 'POST' to 'http://localhost:17962/session/de56f662-3862-425b-9a00-96b41c9dead6/element'
23:47:07.578 [Forwarding findElement on session de56f662-3862-425b-9a00-96b41c9dead6 to remote] DEBUG org.asynchttpclient.netty.request.NettyRequestSender - Using open Channel [id: 0x0c445a4e, L:/127.0.0.1:50002 - R:localhost/127.0.0.1:17962] for POST '/session/de56f662-3862-425b-9a00-96b41c9dead6/element'
23:47:07.582 [AsyncHttpClient-3-1] DEBUG org.asynchttpclient.netty.handler.HttpHandler - 

Request DefaultHttpRequest(decodeResult: success, version: HTTP/1.1)
POST /session/de56f662-3862-425b-9a00-96b41c9dead6/element HTTP/1.1
User-Agent: selenium/4.0.0-alpha-4 (java windows)
Content-Length: 64
Content-Type: application/json; charset=utf-8
host: localhost:17962
accept: */*

Response DefaultHttpResponse(decodeResult: success, version: HTTP/1.1)
HTTP/1.1 200 OK
content-type: application/json; charset=utf-8
cache-control: no-cache
content-length: 88
date: Thu, 02 Apr 2020 20:47:07 GMT

23:47:07.583 [AsyncHttpClient-3-1] DEBUG org.asynchttpclient.netty.channel.ChannelManager - Adding key: http://localhost:17962 for channel [id: 0x0c445a4e, L:/127.0.0.1:50002 - R:localhost/127.0.0.1:17962]
23:47:07.588 [Forwarding clickElement on session de56f662-3862-425b-9a00-96b41c9dead6 to remote] DEBUG org.asynchttpclient.netty.request.NettyRequestSender - Using pooled Channel '[id: 0x0c445a4e, L:/127.0.0.1:50002 - R:localhost/127.0.0.1:17962]' for 'POST' to 'http://localhost:17962/session/de56f662-3862-425b-9a00-96b41c9dead6/element/33eb6244-54c8-4be3-a9d4-20b88f182f22/click'
23:47:07.588 [Forwarding clickElement on session de56f662-3862-425b-9a00-96b41c9dead6 to remote] DEBUG org.asynchttpclient.netty.request.NettyRequestSender - Using open Channel [id: 0x0c445a4e, L:/127.0.0.1:50002 - R:localhost/127.0.0.1:17962] for POST '/session/de56f662-3862-425b-9a00-96b41c9dead6/element/33eb6244-54c8-4be3-a9d4-20b88f182f22/click'
23:47:08.524 [AsyncHttpClient-3-1] DEBUG org.asynchttpclient.netty.handler.HttpHandler - 

Request DefaultHttpRequest(decodeResult: success, version: HTTP/1.1)
POST /session/de56f662-3862-425b-9a00-96b41c9dead6/element/33eb6244-54c8-4be3-a9d4-20b88f182f22/click HTTP/1.1
User-Agent: selenium/4.0.0-alpha-4 (java windows)
Content-Length: 50
Content-Type: application/json; charset=utf-8
host: localhost:17962
accept: */*

Response DefaultHttpResponse(decodeResult: success, version: HTTP/1.1)
HTTP/1.1 200 OK
content-type: application/json; charset=utf-8
cache-control: no-cache
content-length: 14
date: Thu, 02 Apr 2020 20:47:07 GMT

23:47:08.524 [AsyncHttpClient-3-1] DEBUG org.asynchttpclient.netty.channel.ChannelManager - Adding key: http://localhost:17962 for channel [id: 0x0c445a4e, L:/127.0.0.1:50002 - R:localhost/127.0.0.1:17962]
23:47:09.430 [AsyncHttpClient-timer-1-1] DEBUG org.asynchttpclient.netty.channel.DefaultChannelPool - Entry count for : http://localhost:17962 : 1
23:47:10.531 [AsyncHttpClient-timer-1-1] DEBUG org.asynchttpclient.netty.channel.DefaultChannelPool - Entry count for : http://localhost:17962 : 1
23:47:11.632 [AsyncHttpClient-timer-1-1] DEBUG org.asynchttpclient.netty.channel.DefaultChannelPool - Entry count for : http://localhost:17962 : 1
23:47:12.730 [AsyncHttpClient-timer-1-1] DEBUG org.asynchttpclient.netty.channel.DefaultChannelPool - Entry count for : http://localhost:17962 : 1
23:47:13.832 [AsyncHttpClient-timer-1-1] DEBUG org.asynchttpclient.netty.channel.DefaultChannelPool - Entry count for : http://localhost:17962 : 1
23:47:14.930 [AsyncHttpClient-timer-1-1] DEBUG org.asynchttpclient.netty.channel.DefaultChannelPool - Entry count for : http://localhost:17962 : 1
23:47:16.030 [AsyncHttpClient-timer-1-1] DEBUG org.asynchttpclient.netty.channel.DefaultChannelPool - Entry count for : http://localhost:17962 : 1
23:47:17.131 [AsyncHttpClient-timer-1-1] DEBUG org.asynchttpclient.netty.channel.DefaultChannelPool - Entry count for : http://localhost:17962 : 1
23:47:18.231 [AsyncHttpClient-timer-1-1] DEBUG org.asynchttpclient.netty.channel.DefaultChannelPool - Entry count for : http://localhost:17962 : 1
23:47:19.331 [AsyncHttpClient-timer-1-1] DEBUG org.asynchttpclient.netty.channel.DefaultChannelPool - Entry count for : http://localhost:17962 : 1
23:47:20.430 [AsyncHttpClient-timer-1-1] DEBUG org.asynchttpclient.netty.channel.DefaultChannelPool - Entry count for : http://localhost:17962 : 1
23:47:21.532 [AsyncHttpClient-timer-1-1] DEBUG org.asynchttpclient.netty.channel.DefaultChannelPool - Entry count for : http://localhost:17962 : 1
23:47:22.632 [AsyncHttpClient-timer-1-1] DEBUG org.asynchttpclient.netty.channel.DefaultChannelPool - Entry count for : http://localhost:17962 : 1
23:47:23.732 [AsyncHttpClient-timer-1-1] DEBUG org.asynchttpclient.netty.channel.DefaultChannelPool - Entry count for : http://localhost:17962 : 1
23:47:24.831 [AsyncHttpClient-timer-1-1] DEBUG org.asynchttpclient.netty.channel.DefaultChannelPool - Entry count for : http://localhost:17962 : 1
23:47:25.932 [AsyncHttpClient-timer-1-1] DEBUG org.asynchttpclient.netty.channel.DefaultChannelPool - Entry count for : http://localhost:17962 : 1
23:47:27.030 [AsyncHttpClient-timer-1-1] DEBUG org.asynchttpclient.netty.channel.DefaultChannelPool - Entry count for : http://localhost:17962 : 1
23:47:28.130 [AsyncHttpClient-timer-1-1] DEBUG org.asynchttpclient.netty.channel.DefaultChannelPool - Entry count for : http://localhost:17962 : 1
23:47:29.231 [AsyncHttpClient-timer-1-1] DEBUG org.asynchttpclient.netty.channel.DefaultChannelPool - Entry count for : http://localhost:17962 : 1
23:47:29.802 [Forwarding get on session de56f662-3862-425b-9a00-96b41c9dead6 to remote] DEBUG org.asynchttpclient.netty.request.NettyRequestSender - Using pooled Channel '[id: 0x0c445a4e, L:/127.0.0.1:50002 - R:localhost/127.0.0.1:17962]' for 'POST' to 'http://localhost:17962/session/de56f662-3862-425b-9a00-96b41c9dead6/url'
23:47:29.803 [Forwarding get on session de56f662-3862-425b-9a00-96b41c9dead6 to remote] DEBUG org.asynchttpclient.netty.request.NettyRequestSender - Using open Channel [id: 0x0c445a4e, L:/127.0.0.1:50002 - R:localhost/127.0.0.1:17962] for POST '/session/de56f662-3862-425b-9a00-96b41c9dead6/url'
23:47:30.237 [AsyncHttpClient-3-1] DEBUG org.asynchttpclient.netty.handler.HttpHandler - 

Request DefaultHttpRequest(decodeResult: success, version: HTTP/1.1)
POST /session/de56f662-3862-425b-9a00-96b41c9dead6/url HTTP/1.1
User-Agent: selenium/4.0.0-alpha-4 (java windows)
Content-Length: 186
Content-Type: application/json; charset=utf-8
host: localhost:17962
accept: */*

Response DefaultHttpResponse(decodeResult: success, version: HTTP/1.1)
HTTP/1.1 200 OK
content-type: application/json; charset=utf-8
cache-control: no-cache
content-length: 14
date: Thu, 02 Apr 2020 20:47:29 GMT

23:47:30.238 [AsyncHttpClient-3-1] DEBUG org.asynchttpclient.netty.channel.ChannelManager - Adding key: http://localhost:17962 for channel [id: 0x0c445a4e, L:/127.0.0.1:50002 - R:localhost/127.0.0.1:17962]
23:47:30.241 [Forwarding findElement on session de56f662-3862-425b-9a00-96b41c9dead6 to remote] DEBUG org.asynchttpclient.netty.request.NettyRequestSender - Using pooled Channel '[id: 0x0c445a4e, L:/127.0.0.1:50002 - R:localhost/127.0.0.1:17962]' for 'POST' to 'http://localhost:17962/session/de56f662-3862-425b-9a00-96b41c9dead6/element'
23:47:30.242 [Forwarding findElement on session de56f662-3862-425b-9a00-96b41c9dead6 to remote] DEBUG org.asynchttpclient.netty.request.NettyRequestSender - Using open Channel [id: 0x0c445a4e, L:/127.0.0.1:50002 - R:localhost/127.0.0.1:17962] for POST '/session/de56f662-3862-425b-9a00-96b41c9dead6/element'
23:47:30.260 [AsyncHttpClient-3-1] DEBUG org.asynchttpclient.netty.handler.HttpHandler - 

Request DefaultHttpRequest(decodeResult: success, version: HTTP/1.1)
POST /session/de56f662-3862-425b-9a00-96b41c9dead6/element HTTP/1.1
User-Agent: selenium/4.0.0-alpha-4 (java windows)
Content-Length: 62
Content-Type: application/json; charset=utf-8
host: localhost:17962
accept: */*

Response DefaultHttpResponse(decodeResult: success, version: HTTP/1.1)
HTTP/1.1 200 OK
content-type: application/json; charset=utf-8
cache-control: no-cache
content-length: 88
date: Thu, 02 Apr 2020 20:47:30 GMT

23:47:30.260 [AsyncHttpClient-3-1] DEBUG org.asynchttpclient.netty.channel.ChannelManager - Adding key: http://localhost:17962 for channel [id: 0x0c445a4e, L:/127.0.0.1:50002 - R:localhost/127.0.0.1:17962]
23:47:30.263 [Forwarding clickElement on session de56f662-3862-425b-9a00-96b41c9dead6 to remote] DEBUG org.asynchttpclient.netty.request.NettyRequestSender - Using pooled Channel '[id: 0x0c445a4e, L:/127.0.0.1:50002 - R:localhost/127.0.0.1:17962]' for 'POST' to 'http://localhost:17962/session/de56f662-3862-425b-9a00-96b41c9dead6/element/04b5caa5-c461-44d7-833a-95d94af0d8a3/click'
23:47:30.263 [Forwarding clickElement on session de56f662-3862-425b-9a00-96b41c9dead6 to remote] DEBUG org.asynchttpclient.netty.request.NettyRequestSender - Using open Channel [id: 0x0c445a4e, L:/127.0.0.1:50002 - R:localhost/127.0.0.1:17962] for POST '/session/de56f662-3862-425b-9a00-96b41c9dead6/element/04b5caa5-c461-44d7-833a-95d94af0d8a3/click'
23:47:30.498 [AsyncHttpClient-3-1] DEBUG org.asynchttpclient.netty.handler.HttpHandler - 

Request DefaultHttpRequest(decodeResult: success, version: HTTP/1.1)
POST /session/de56f662-3862-425b-9a00-96b41c9dead6/element/04b5caa5-c461-44d7-833a-95d94af0d8a3/click HTTP/1.1
User-Agent: selenium/4.0.0-alpha-4 (java windows)
Content-Length: 50
Content-Type: application/json; charset=utf-8
host: localhost:17962
accept: */*

Response DefaultHttpResponse(decodeResult: success, version: HTTP/1.1)
HTTP/1.1 200 OK
content-type: application/json; charset=utf-8
cache-control: no-cache
content-length: 14
date: Thu, 02 Apr 2020 20:47:30 GMT

23:47:30.500 [AsyncHttpClient-3-1] DEBUG org.asynchttpclient.netty.channel.ChannelManager - Adding key: http://localhost:17962 for channel [id: 0x0c445a4e, L:/127.0.0.1:50002 - R:localhost/127.0.0.1:17962]
23:47:30.504 [Forwarding findElement on session de56f662-3862-425b-9a00-96b41c9dead6 to remote] DEBUG org.asynchttpclient.netty.request.NettyRequestSender - Using pooled Channel '[id: 0x0c445a4e, L:/127.0.0.1:50002 - R:localhost/127.0.0.1:17962]' for 'POST' to 'http://localhost:17962/session/de56f662-3862-425b-9a00-96b41c9dead6/element'
23:47:30.504 [Forwarding findElement on session de56f662-3862-425b-9a00-96b41c9dead6 to remote] DEBUG org.asynchttpclient.netty.request.NettyRequestSender - Using open Channel [id: 0x0c445a4e, L:/127.0.0.1:50002 - R:localhost/127.0.0.1:17962] for POST '/session/de56f662-3862-425b-9a00-96b41c9dead6/element'
23:47:30.515 [AsyncHttpClient-3-1] DEBUG org.asynchttpclient.netty.handler.HttpHandler - 

Request DefaultHttpRequest(decodeResult: success, version: HTTP/1.1)
POST /session/de56f662-3862-425b-9a00-96b41c9dead6/element HTTP/1.1
User-Agent: selenium/4.0.0-alpha-4 (java windows)
Content-Length: 62
Content-Type: application/json; charset=utf-8
host: localhost:17962
accept: */*

Response DefaultHttpResponse(decodeResult: success, version: HTTP/1.1)
HTTP/1.1 200 OK
content-type: application/json; charset=utf-8
cache-control: no-cache
content-length: 88
date: Thu, 02 Apr 2020 20:47:30 GMT

23:47:30.516 [AsyncHttpClient-3-1] DEBUG org.asynchttpclient.netty.channel.ChannelManager - Adding key: http://localhost:17962 for channel [id: 0x0c445a4e, L:/127.0.0.1:50002 - R:localhost/127.0.0.1:17962]
23:47:30.524 [Forwarding getElementAttribute on session de56f662-3862-425b-9a00-96b41c9dead6 to remote] DEBUG org.asynchttpclient.netty.request.NettyRequestSender - Using pooled Channel '[id: 0x0c445a4e, L:/127.0.0.1:50002 - R:localhost/127.0.0.1:17962]' for 'POST' to 'http://localhost:17962/session/de56f662-3862-425b-9a00-96b41c9dead6/execute/sync'
23:47:30.524 [Forwarding getElementAttribute on session de56f662-3862-425b-9a00-96b41c9dead6 to remote] DEBUG org.asynchttpclient.netty.request.NettyRequestSender - Using open Channel [id: 0x0c445a4e, L:/127.0.0.1:50002 - R:localhost/127.0.0.1:17962] for POST '/session/de56f662-3862-425b-9a00-96b41c9dead6/execute/sync'
23:47:30.542 [AsyncHttpClient-3-1] DEBUG org.asynchttpclient.netty.handler.HttpHandler - 

Request DefaultHttpRequest(decodeResult: success, version: HTTP/1.1)
POST /session/de56f662-3862-425b-9a00-96b41c9dead6/execute/sync HTTP/1.1
User-Agent: selenium/4.0.0-alpha-4 (java windows)
Content-Length: 39635
Content-Type: application/json; charset=utf-8
host: localhost:17962
accept: */*

Response DefaultHttpResponse(decodeResult: success, version: HTTP/1.1)
HTTP/1.1 200 OK
content-type: application/json; charset=utf-8
cache-control: no-cache
content-length: 12
date: Thu, 02 Apr 2020 20:47:30 GMT

23:47:30.542 [AsyncHttpClient-3-1] DEBUG org.asynchttpclient.netty.channel.ChannelManager - Adding key: http://localhost:17962 for channel [id: 0x0c445a4e, L:/127.0.0.1:50002 - R:localhost/127.0.0.1:17962]
23:47:30.544 [Forwarding findElement on session de56f662-3862-425b-9a00-96b41c9dead6 to remote] DEBUG org.asynchttpclient.netty.request.NettyRequestSender - Using pooled Channel '[id: 0x0c445a4e, L:/127.0.0.1:50002 - R:localhost/127.0.0.1:17962]' for 'POST' to 'http://localhost:17962/session/de56f662-3862-425b-9a00-96b41c9dead6/element'
23:47:30.544 [Forwarding findElement on session de56f662-3862-425b-9a00-96b41c9dead6 to remote] DEBUG org.asynchttpclient.netty.request.NettyRequestSender - Using open Channel [id: 0x0c445a4e, L:/127.0.0.1:50002 - R:localhost/127.0.0.1:17962] for POST '/session/de56f662-3862-425b-9a00-96b41c9dead6/element'
23:47:30.552 [AsyncHttpClient-3-1] DEBUG org.asynchttpclient.netty.handler.HttpHandler - 

Request DefaultHttpRequest(decodeResult: success, version: HTTP/1.1)
POST /session/de56f662-3862-425b-9a00-96b41c9dead6/element HTTP/1.1
User-Agent: selenium/4.0.0-alpha-4 (java windows)
Content-Length: 62
Content-Type: application/json; charset=utf-8
host: localhost:17962
accept: */*

Response DefaultHttpResponse(decodeResult: success, version: HTTP/1.1)
HTTP/1.1 200 OK
content-type: application/json; charset=utf-8
cache-control: no-cache
content-length: 88
date: Thu, 02 Apr 2020 20:47:30 GMT

23:47:30.552 [AsyncHttpClient-3-1] DEBUG org.asynchttpclient.netty.channel.ChannelManager - Adding key: http://localhost:17962 for channel [id: 0x0c445a4e, L:/127.0.0.1:50002 - R:localhost/127.0.0.1:17962]
23:47:30.553 [Forwarding clearElement on session de56f662-3862-425b-9a00-96b41c9dead6 to remote] DEBUG org.asynchttpclient.netty.request.NettyRequestSender - Using pooled Channel '[id: 0x0c445a4e, L:/127.0.0.1:50002 - R:localhost/127.0.0.1:17962]' for 'POST' to 'http://localhost:17962/session/de56f662-3862-425b-9a00-96b41c9dead6/element/04b5caa5-c461-44d7-833a-95d94af0d8a3/clear'
23:47:30.553 [Forwarding clearElement on session de56f662-3862-425b-9a00-96b41c9dead6 to remote] DEBUG org.asynchttpclient.netty.request.NettyRequestSender - Using open Channel [id: 0x0c445a4e, L:/127.0.0.1:50002 - R:localhost/127.0.0.1:17962] for POST '/session/de56f662-3862-425b-9a00-96b41c9dead6/element/04b5caa5-c461-44d7-833a-95d94af0d8a3/clear'
23:47:30.558 [AsyncHttpClient-3-1] DEBUG org.asynchttpclient.netty.handler.HttpHandler - 

Request DefaultHttpRequest(decodeResult: success, version: HTTP/1.1)
POST /session/de56f662-3862-425b-9a00-96b41c9dead6/element/04b5caa5-c461-44d7-833a-95d94af0d8a3/clear HTTP/1.1
User-Agent: selenium/4.0.0-alpha-4 (java windows)
Content-Length: 50
Content-Type: application/json; charset=utf-8
host: localhost:17962
accept: */*

Response DefaultHttpResponse(decodeResult: success, version: HTTP/1.1)
HTTP/1.1 200 OK
content-type: application/json; charset=utf-8
cache-control: no-cache
content-length: 14
date: Thu, 02 Apr 2020 20:47:30 GMT

23:47:30.559 [AsyncHttpClient-3-1] DEBUG org.asynchttpclient.netty.channel.ChannelManager - Adding key: http://localhost:17962 for channel [id: 0x0c445a4e, L:/127.0.0.1:50002 - R:localhost/127.0.0.1:17962]
23:47:30.561 [Forwarding findElement on session de56f662-3862-425b-9a00-96b41c9dead6 to remote] DEBUG org.asynchttpclient.netty.request.NettyRequestSender - Using pooled Channel '[id: 0x0c445a4e, L:/127.0.0.1:50002 - R:localhost/127.0.0.1:17962]' for 'POST' to 'http://localhost:17962/session/de56f662-3862-425b-9a00-96b41c9dead6/element'
23:47:30.561 [Forwarding findElement on session de56f662-3862-425b-9a00-96b41c9dead6 to remote] DEBUG org.asynchttpclient.netty.request.NettyRequestSender - Using open Channel [id: 0x0c445a4e, L:/127.0.0.1:50002 - R:localhost/127.0.0.1:17962] for POST '/session/de56f662-3862-425b-9a00-96b41c9dead6/element'
23:47:30.567 [AsyncHttpClient-3-1] DEBUG org.asynchttpclient.netty.handler.HttpHandler - 

Request DefaultHttpRequest(decodeResult: success, version: HTTP/1.1)
POST /session/de56f662-3862-425b-9a00-96b41c9dead6/element HTTP/1.1
User-Agent: selenium/4.0.0-alpha-4 (java windows)
Content-Length: 62
Content-Type: application/json; charset=utf-8
host: localhost:17962
accept: */*

Response DefaultHttpResponse(decodeResult: success, version: HTTP/1.1)
HTTP/1.1 200 OK
content-type: application/json; charset=utf-8
cache-control: no-cache
content-length: 88
date: Thu, 02 Apr 2020 20:47:30 GMT

23:47:30.568 [AsyncHttpClient-3-1] DEBUG org.asynchttpclient.netty.channel.ChannelManager - Adding key: http://localhost:17962 for channel [id: 0x0c445a4e, L:/127.0.0.1:50002 - R:localhost/127.0.0.1:17962]
23:47:30.570 [Forwarding sendKeysToElement on session de56f662-3862-425b-9a00-96b41c9dead6 to remote] DEBUG org.asynchttpclient.netty.request.NettyRequestSender - Using pooled Channel '[id: 0x0c445a4e, L:/127.0.0.1:50002 - R:localhost/127.0.0.1:17962]' for 'POST' to 'http://localhost:17962/session/de56f662-3862-425b-9a00-96b41c9dead6/element/04b5caa5-c461-44d7-833a-95d94af0d8a3/value'
23:47:30.570 [Forwarding sendKeysToElement on session de56f662-3862-425b-9a00-96b41c9dead6 to remote] DEBUG org.asynchttpclient.netty.request.NettyRequestSender - Using open Channel [id: 0x0c445a4e, L:/127.0.0.1:50002 - R:localhost/127.0.0.1:17962] for POST '/session/de56f662-3862-425b-9a00-96b41c9dead6/element/04b5caa5-c461-44d7-833a-95d94af0d8a3/value'
23:47:30.593 [AsyncHttpClient-3-1] DEBUG org.asynchttpclient.netty.handler.HttpHandler - 

Request DefaultHttpRequest(decodeResult: success, version: HTTP/1.1)
POST /session/de56f662-3862-425b-9a00-96b41c9dead6/element/04b5caa5-c461-44d7-833a-95d94af0d8a3/value HTTP/1.1
User-Agent: selenium/4.0.0-alpha-4 (java windows)
Content-Length: 161
Content-Type: application/json; charset=utf-8
host: localhost:17962
accept: */*

Response DefaultHttpResponse(decodeResult: success, version: HTTP/1.1)
HTTP/1.1 200 OK
content-type: application/json; charset=utf-8
cache-control: no-cache
content-length: 14
date: Thu, 02 Apr 2020 20:47:30 GMT

23:47:30.595 [AsyncHttpClient-3-1] DEBUG org.asynchttpclient.netty.channel.ChannelManager - Adding key: http://localhost:17962 for channel [id: 0x0c445a4e, L:/127.0.0.1:50002 - R:localhost/127.0.0.1:17962]
23:47:30.596 [Forwarding findElement on session de56f662-3862-425b-9a00-96b41c9dead6 to remote] DEBUG org.asynchttpclient.netty.request.NettyRequestSender - Using pooled Channel '[id: 0x0c445a4e, L:/127.0.0.1:50002 - R:localhost/127.0.0.1:17962]' for 'POST' to 'http://localhost:17962/session/de56f662-3862-425b-9a00-96b41c9dead6/element'
23:47:30.596 [Forwarding findElement on session de56f662-3862-425b-9a00-96b41c9dead6 to remote] DEBUG org.asynchttpclient.netty.request.NettyRequestSender - Using open Channel [id: 0x0c445a4e, L:/127.0.0.1:50002 - R:localhost/127.0.0.1:17962] for POST '/session/de56f662-3862-425b-9a00-96b41c9dead6/element'
23:47:30.603 [AsyncHttpClient-3-1] DEBUG org.asynchttpclient.netty.handler.HttpHandler - 

Request DefaultHttpRequest(decodeResult: success, version: HTTP/1.1)
POST /session/de56f662-3862-425b-9a00-96b41c9dead6/element HTTP/1.1
User-Agent: selenium/4.0.0-alpha-4 (java windows)
Content-Length: 70
Content-Type: application/json; charset=utf-8
host: localhost:17962
accept: */*

Response DefaultHttpResponse(decodeResult: success, version: HTTP/1.1)
HTTP/1.1 200 OK
content-type: application/json; charset=utf-8
cache-control: no-cache
content-length: 88
date: Thu, 02 Apr 2020 20:47:30 GMT

23:47:30.603 [AsyncHttpClient-3-1] DEBUG org.asynchttpclient.netty.channel.ChannelManager - Adding key: http://localhost:17962 for channel [id: 0x0c445a4e, L:/127.0.0.1:50002 - R:localhost/127.0.0.1:17962]
23:47:30.605 [Forwarding clickElement on session de56f662-3862-425b-9a00-96b41c9dead6 to remote] DEBUG org.asynchttpclient.netty.request.NettyRequestSender - Using pooled Channel '[id: 0x0c445a4e, L:/127.0.0.1:50002 - R:localhost/127.0.0.1:17962]' for 'POST' to 'http://localhost:17962/session/de56f662-3862-425b-9a00-96b41c9dead6/element/9978218c-b7c4-4d5d-9f98-495f26c4e43e/click'
23:47:30.605 [Forwarding clickElement on session de56f662-3862-425b-9a00-96b41c9dead6 to remote] DEBUG org.asynchttpclient.netty.request.NettyRequestSender - Using open Channel [id: 0x0c445a4e, L:/127.0.0.1:50002 - R:localhost/127.0.0.1:17962] for POST '/session/de56f662-3862-425b-9a00-96b41c9dead6/element/9978218c-b7c4-4d5d-9f98-495f26c4e43e/click'
23:47:30.826 [AsyncHttpClient-3-1] DEBUG org.asynchttpclient.netty.handler.HttpHandler - 

Request DefaultHttpRequest(decodeResult: success, version: HTTP/1.1)
POST /session/de56f662-3862-425b-9a00-96b41c9dead6/element/9978218c-b7c4-4d5d-9f98-495f26c4e43e/click HTTP/1.1
User-Agent: selenium/4.0.0-alpha-4 (java windows)
Content-Length: 50
Content-Type: application/json; charset=utf-8
host: localhost:17962
accept: */*

Response DefaultHttpResponse(decodeResult: success, version: HTTP/1.1)
HTTP/1.1 200 OK
content-type: application/json; charset=utf-8
cache-control: no-cache
content-length: 14
date: Thu, 02 Apr 2020 20:47:30 GMT

23:47:30.827 [AsyncHttpClient-3-1] DEBUG org.asynchttpclient.netty.channel.ChannelManager - Adding key: http://localhost:17962 for channel [id: 0x0c445a4e, L:/127.0.0.1:50002 - R:localhost/127.0.0.1:17962]
23:47:30.829 [Forwarding findElement on session de56f662-3862-425b-9a00-96b41c9dead6 to remote] DEBUG org.asynchttpclient.netty.request.NettyRequestSender - Using pooled Channel '[id: 0x0c445a4e, L:/127.0.0.1:50002 - R:localhost/127.0.0.1:17962]' for 'POST' to 'http://localhost:17962/session/de56f662-3862-425b-9a00-96b41c9dead6/element'
23:47:30.829 [Forwarding findElement on session de56f662-3862-425b-9a00-96b41c9dead6 to remote] DEBUG org.asynchttpclient.netty.request.NettyRequestSender - Using open Channel [id: 0x0c445a4e, L:/127.0.0.1:50002 - R:localhost/127.0.0.1:17962] for POST '/session/de56f662-3862-425b-9a00-96b41c9dead6/element'
23:47:30.835 [AsyncHttpClient-3-1] DEBUG org.asynchttpclient.netty.handler.HttpHandler - 

Request DefaultHttpRequest(decodeResult: success, version: HTTP/1.1)
POST /session/de56f662-3862-425b-9a00-96b41c9dead6/element HTTP/1.1
User-Agent: selenium/4.0.0-alpha-4 (java windows)
Content-Length: 70
Content-Type: application/json; charset=utf-8
host: localhost:17962
accept: */*

Response DefaultHttpResponse(decodeResult: success, version: HTTP/1.1)
HTTP/1.1 200 OK
content-type: application/json; charset=utf-8
cache-control: no-cache
content-length: 88
date: Thu, 02 Apr 2020 20:47:30 GMT

23:47:30.836 [AsyncHttpClient-3-1] DEBUG org.asynchttpclient.netty.channel.ChannelManager - Adding key: http://localhost:17962 for channel [id: 0x0c445a4e, L:/127.0.0.1:50002 - R:localhost/127.0.0.1:17962]
23:47:30.841 [Forwarding getElementAttribute on session de56f662-3862-425b-9a00-96b41c9dead6 to remote] DEBUG org.asynchttpclient.netty.request.NettyRequestSender - Using pooled Channel '[id: 0x0c445a4e, L:/127.0.0.1:50002 - R:localhost/127.0.0.1:17962]' for 'POST' to 'http://localhost:17962/session/de56f662-3862-425b-9a00-96b41c9dead6/execute/sync'
23:47:30.842 [Forwarding getElementAttribute on session de56f662-3862-425b-9a00-96b41c9dead6 to remote] DEBUG org.asynchttpclient.netty.request.NettyRequestSender - Using open Channel [id: 0x0c445a4e, L:/127.0.0.1:50002 - R:localhost/127.0.0.1:17962] for POST '/session/de56f662-3862-425b-9a00-96b41c9dead6/execute/sync'
23:47:30.858 [AsyncHttpClient-3-1] DEBUG org.asynchttpclient.netty.handler.HttpHandler - 

Request DefaultHttpRequest(decodeResult: success, version: HTTP/1.1)
POST /session/de56f662-3862-425b-9a00-96b41c9dead6/execute/sync HTTP/1.1
User-Agent: selenium/4.0.0-alpha-4 (java windows)
Content-Length: 39635
Content-Type: application/json; charset=utf-8
host: localhost:17962
accept: */*

Response DefaultHttpResponse(decodeResult: success, version: HTTP/1.1)
HTTP/1.1 200 OK
content-type: application/json; charset=utf-8
cache-control: no-cache
content-length: 12
date: Thu, 02 Apr 2020 20:47:30 GMT

23:47:30.858 [AsyncHttpClient-3-1] DEBUG org.asynchttpclient.netty.channel.ChannelManager - Adding key: http://localhost:17962 for channel [id: 0x0c445a4e, L:/127.0.0.1:50002 - R:localhost/127.0.0.1:17962]
23:47:30.860 [Forwarding findElement on session de56f662-3862-425b-9a00-96b41c9dead6 to remote] DEBUG org.asynchttpclient.netty.request.NettyRequestSender - Using pooled Channel '[id: 0x0c445a4e, L:/127.0.0.1:50002 - R:localhost/127.0.0.1:17962]' for 'POST' to 'http://localhost:17962/session/de56f662-3862-425b-9a00-96b41c9dead6/element'
23:47:30.860 [Forwarding findElement on session de56f662-3862-425b-9a00-96b41c9dead6 to remote] DEBUG org.asynchttpclient.netty.request.NettyRequestSender - Using open Channel [id: 0x0c445a4e, L:/127.0.0.1:50002 - R:localhost/127.0.0.1:17962] for POST '/session/de56f662-3862-425b-9a00-96b41c9dead6/element'
23:47:30.868 [AsyncHttpClient-3-1] DEBUG org.asynchttpclient.netty.handler.HttpHandler - 

Request DefaultHttpRequest(decodeResult: success, version: HTTP/1.1)
POST /session/de56f662-3862-425b-9a00-96b41c9dead6/element HTTP/1.1
User-Agent: selenium/4.0.0-alpha-4 (java windows)
Content-Length: 70
Content-Type: application/json; charset=utf-8
host: localhost:17962
accept: */*

Response DefaultHttpResponse(decodeResult: success, version: HTTP/1.1)
HTTP/1.1 200 OK
content-type: application/json; charset=utf-8
cache-control: no-cache
content-length: 88
date: Thu, 02 Apr 2020 20:47:30 GMT

23:47:30.868 [AsyncHttpClient-3-1] DEBUG org.asynchttpclient.netty.channel.ChannelManager - Adding key: http://localhost:17962 for channel [id: 0x0c445a4e, L:/127.0.0.1:50002 - R:localhost/127.0.0.1:17962]
23:47:30.871 [Forwarding clearElement on session de56f662-3862-425b-9a00-96b41c9dead6 to remote] DEBUG org.asynchttpclient.netty.request.NettyRequestSender - Using pooled Channel '[id: 0x0c445a4e, L:/127.0.0.1:50002 - R:localhost/127.0.0.1:17962]' for 'POST' to 'http://localhost:17962/session/de56f662-3862-425b-9a00-96b41c9dead6/element/9978218c-b7c4-4d5d-9f98-495f26c4e43e/clear'
23:47:30.871 [Forwarding clearElement on session de56f662-3862-425b-9a00-96b41c9dead6 to remote] DEBUG org.asynchttpclient.netty.request.NettyRequestSender - Using open Channel [id: 0x0c445a4e, L:/127.0.0.1:50002 - R:localhost/127.0.0.1:17962] for POST '/session/de56f662-3862-425b-9a00-96b41c9dead6/element/9978218c-b7c4-4d5d-9f98-495f26c4e43e/clear'
23:47:30.877 [AsyncHttpClient-3-1] DEBUG org.asynchttpclient.netty.handler.HttpHandler - 

Request DefaultHttpRequest(decodeResult: success, version: HTTP/1.1)
POST /session/de56f662-3862-425b-9a00-96b41c9dead6/element/9978218c-b7c4-4d5d-9f98-495f26c4e43e/clear HTTP/1.1
User-Agent: selenium/4.0.0-alpha-4 (java windows)
Content-Length: 50
Content-Type: application/json; charset=utf-8
host: localhost:17962
accept: */*

Response DefaultHttpResponse(decodeResult: success, version: HTTP/1.1)
HTTP/1.1 200 OK
content-type: application/json; charset=utf-8
cache-control: no-cache
content-length: 14
date: Thu, 02 Apr 2020 20:47:30 GMT

23:47:30.877 [AsyncHttpClient-3-1] DEBUG org.asynchttpclient.netty.channel.ChannelManager - Adding key: http://localhost:17962 for channel [id: 0x0c445a4e, L:/127.0.0.1:50002 - R:localhost/127.0.0.1:17962]
23:47:30.880 [Forwarding findElement on session de56f662-3862-425b-9a00-96b41c9dead6 to remote] DEBUG org.asynchttpclient.netty.request.NettyRequestSender - Using pooled Channel '[id: 0x0c445a4e, L:/127.0.0.1:50002 - R:localhost/127.0.0.1:17962]' for 'POST' to 'http://localhost:17962/session/de56f662-3862-425b-9a00-96b41c9dead6/element'
23:47:30.881 [Forwarding findElement on session de56f662-3862-425b-9a00-96b41c9dead6 to remote] DEBUG org.asynchttpclient.netty.request.NettyRequestSender - Using open Channel [id: 0x0c445a4e, L:/127.0.0.1:50002 - R:localhost/127.0.0.1:17962] for POST '/session/de56f662-3862-425b-9a00-96b41c9dead6/element'
23:47:30.885 [AsyncHttpClient-3-1] DEBUG org.asynchttpclient.netty.handler.HttpHandler - 

Request DefaultHttpRequest(decodeResult: success, version: HTTP/1.1)
POST /session/de56f662-3862-425b-9a00-96b41c9dead6/element HTTP/1.1
User-Agent: selenium/4.0.0-alpha-4 (java windows)
Content-Length: 70
Content-Type: application/json; charset=utf-8
host: localhost:17962
accept: */*

Response DefaultHttpResponse(decodeResult: success, version: HTTP/1.1)
HTTP/1.1 200 OK
content-type: application/json; charset=utf-8
cache-control: no-cache
content-length: 88
date: Thu, 02 Apr 2020 20:47:30 GMT

23:47:30.886 [AsyncHttpClient-3-1] DEBUG org.asynchttpclient.netty.channel.ChannelManager - Adding key: http://localhost:17962 for channel [id: 0x0c445a4e, L:/127.0.0.1:50002 - R:localhost/127.0.0.1:17962]
23:47:30.890 [Forwarding sendKeysToElement on session de56f662-3862-425b-9a00-96b41c9dead6 to remote] DEBUG org.asynchttpclient.netty.request.NettyRequestSender - Using pooled Channel '[id: 0x0c445a4e, L:/127.0.0.1:50002 - R:localhost/127.0.0.1:17962]' for 'POST' to 'http://localhost:17962/session/de56f662-3862-425b-9a00-96b41c9dead6/element/9978218c-b7c4-4d5d-9f98-495f26c4e43e/value'
23:47:30.890 [Forwarding sendKeysToElement on session de56f662-3862-425b-9a00-96b41c9dead6 to remote] DEBUG org.asynchttpclient.netty.request.NettyRequestSender - Using open Channel [id: 0x0c445a4e, L:/127.0.0.1:50002 - R:localhost/127.0.0.1:17962] for POST '/session/de56f662-3862-425b-9a00-96b41c9dead6/element/9978218c-b7c4-4d5d-9f98-495f26c4e43e/value'
23:47:30.911 [AsyncHttpClient-3-1] DEBUG org.asynchttpclient.netty.handler.HttpHandler - 

Request DefaultHttpRequest(decodeResult: success, version: HTTP/1.1)
POST /session/de56f662-3862-425b-9a00-96b41c9dead6/element/9978218c-b7c4-4d5d-9f98-495f26c4e43e/value HTTP/1.1
User-Agent: selenium/4.0.0-alpha-4 (java windows)
Content-Length: 161
Content-Type: application/json; charset=utf-8
host: localhost:17962
accept: */*

Response DefaultHttpResponse(decodeResult: success, version: HTTP/1.1)
HTTP/1.1 200 OK
content-type: application/json; charset=utf-8
cache-control: no-cache
content-length: 14
date: Thu, 02 Apr 2020 20:47:30 GMT

23:47:30.912 [AsyncHttpClient-3-1] DEBUG org.asynchttpclient.netty.channel.ChannelManager - Adding key: http://localhost:17962 for channel [id: 0x0c445a4e, L:/127.0.0.1:50002 - R:localhost/127.0.0.1:17962]
23:47:30.915 [Forwarding findElement on session de56f662-3862-425b-9a00-96b41c9dead6 to remote] DEBUG org.asynchttpclient.netty.request.NettyRequestSender - Using pooled Channel '[id: 0x0c445a4e, L:/127.0.0.1:50002 - R:localhost/127.0.0.1:17962]' for 'POST' to 'http://localhost:17962/session/de56f662-3862-425b-9a00-96b41c9dead6/element'
23:47:30.915 [Forwarding findElement on session de56f662-3862-425b-9a00-96b41c9dead6 to remote] DEBUG org.asynchttpclient.netty.request.NettyRequestSender - Using open Channel [id: 0x0c445a4e, L:/127.0.0.1:50002 - R:localhost/127.0.0.1:17962] for POST '/session/de56f662-3862-425b-9a00-96b41c9dead6/element'
23:47:30.919 [AsyncHttpClient-3-1] DEBUG org.asynchttpclient.netty.handler.HttpHandler - 

Request DefaultHttpRequest(decodeResult: success, version: HTTP/1.1)
POST /session/de56f662-3862-425b-9a00-96b41c9dead6/element HTTP/1.1
User-Agent: selenium/4.0.0-alpha-4 (java windows)
Content-Length: 50
Content-Type: application/json; charset=utf-8
host: localhost:17962
accept: */*

Response DefaultHttpResponse(decodeResult: success, version: HTTP/1.1)
HTTP/1.1 200 OK
content-type: application/json; charset=utf-8
cache-control: no-cache
content-length: 88
date: Thu, 02 Apr 2020 20:47:30 GMT

23:47:30.920 [AsyncHttpClient-3-1] DEBUG org.asynchttpclient.netty.channel.ChannelManager - Adding key: http://localhost:17962 for channel [id: 0x0c445a4e, L:/127.0.0.1:50002 - R:localhost/127.0.0.1:17962]
23:47:30.921 [Forwarding clickElement on session de56f662-3862-425b-9a00-96b41c9dead6 to remote] DEBUG org.asynchttpclient.netty.request.NettyRequestSender - Using pooled Channel '[id: 0x0c445a4e, L:/127.0.0.1:50002 - R:localhost/127.0.0.1:17962]' for 'POST' to 'http://localhost:17962/session/de56f662-3862-425b-9a00-96b41c9dead6/element/a2314fd3-f68b-4b2b-bd23-bbc425e95ddf/click'
23:47:30.921 [Forwarding clickElement on session de56f662-3862-425b-9a00-96b41c9dead6 to remote] DEBUG org.asynchttpclient.netty.request.NettyRequestSender - Using open Channel [id: 0x0c445a4e, L:/127.0.0.1:50002 - R:localhost/127.0.0.1:17962] for POST '/session/de56f662-3862-425b-9a00-96b41c9dead6/element/a2314fd3-f68b-4b2b-bd23-bbc425e95ddf/click'
23:47:31.210 [AsyncHttpClient-3-1] DEBUG org.asynchttpclient.netty.handler.HttpHandler - 

Request DefaultHttpRequest(decodeResult: success, version: HTTP/1.1)
POST /session/de56f662-3862-425b-9a00-96b41c9dead6/element/a2314fd3-f68b-4b2b-bd23-bbc425e95ddf/click HTTP/1.1
User-Agent: selenium/4.0.0-alpha-4 (java windows)
Content-Length: 50
Content-Type: application/json; charset=utf-8
host: localhost:17962
accept: */*

Response DefaultHttpResponse(decodeResult: success, version: HTTP/1.1)
HTTP/1.1 200 OK
content-type: application/json; charset=utf-8
cache-control: no-cache
content-length: 14
date: Thu, 02 Apr 2020 20:47:30 GMT

23:47:31.211 [AsyncHttpClient-3-1] DEBUG org.asynchttpclient.netty.channel.ChannelManager - Adding key: http://localhost:17962 for channel [id: 0x0c445a4e, L:/127.0.0.1:50002 - R:localhost/127.0.0.1:17962]
23:47:31.431 [AsyncHttpClient-timer-1-1] DEBUG org.asynchttpclient.netty.channel.DefaultChannelPool - Entry count for : http://localhost:17962 : 1
]]></system-out>
  <system-err><![CDATA[SLF4J: Class path contains multiple SLF4J bindings.
SLF4J: Found binding in [jar:file:/C:/Users/xxprokod/.gradle/caches/modules-2/files-2.1/ch.qos.logback/logback-classic/1.2.3/7c4f3c474fb2c041d8028740440937705ebb473a/logback-classic-1.2.3.jar!/org/slf4j/impl/StaticLoggerBinder.class]
SLF4J: Found binding in [jar:file:/C:/Users/xxprokod/.gradle/caches/modules-2/files-2.1/com.cisco.oss.foundation/logging-log4j/1.0.2-1/6a30195bf21e825693673fd5373a8ab4a48fc251/logging-log4j-1.0.2-1.jar!/org/slf4j/impl/StaticLoggerBinder.class]
SLF4J: See http://www.slf4j.org/codes.html#multiple_bindings for an explanation.
SLF4J: Actual binding is of type [ch.qos.logback.classic.util.ContextSelectorStaticBinder]
1585860421296	mozrunner::runner	INFO	Running command: "C:\\Program Files\\Mozilla Firefox\\firefox.exe" "-marionette" "-foreground" "-no-remote" "-profile" "C:\\Users\\xxprokod\\AppData\\Local\\Temp\\rust_mozprofileY5cE94"
1585860422014	addons.webextension.doh-rollout@mozilla.org	WARN	Loading extension 'doh-rollout@mozilla.org': Reading manifest: Invalid extension permission: networkStatus
1585860422455	addons.webextension.screenshots@mozilla.org	WARN	Loading extension 'screenshots@mozilla.org': Reading manifest: Invalid extension permission: mozillaAddons
1585860422456	addons.webextension.screenshots@mozilla.org	WARN	Loading extension 'screenshots@mozilla.org': Reading manifest: Invalid extension permission: telemetry
1585860422456	addons.webextension.screenshots@mozilla.org	WARN	Loading extension 'screenshots@mozilla.org': Reading manifest: Invalid extension permission: resource://pdf.js/
1585860422456	addons.webextension.screenshots@mozilla.org	WARN	Loading extension 'screenshots@mozilla.org': Reading manifest: Invalid extension permission: about:reader*
JavaScript error: resource://gre/modules/XULStore.jsm, line 66: Error: Can't find profile directory.
1585860425064	Marionette	INFO	Listening on port 50003
1585860425138	Marionette	WARN	TLS certificate errors will be ignored for this session
Apr 02, 2020 11:47:05 PM org.openqa.selenium.remote.ProtocolHandshake createSession
INFO: Detected dialect: W3C
log4j:WARN No appenders could be found for logger (org.apache.http.client.protocol.RequestAddCookies).
log4j:WARN Please initialize the log4j system properly.
log4j:WARN See http://logging.apache.org/log4j/1.2/faq.html#noconfig for more info.
]]></system-err>
</testsuite>
