<?xml version="1.0" encoding="UTF-8"?>
<testsuite name="ru.stqa.pft.addressbook.tests.NewContactCreationTests" tests="3" skipped="0" failures="0" errors="0" timestamp="2020-03-18T19:17:20" hostname="WL357543" time="22.76">
  <properties/>
  <testcase name="testNewContactCreation[0](NewContactData{id='0', lastname='lastname 0', name='name 0'})" classname="ru.stqa.pft.addressbook.tests.NewContactCreationTests" time="10.978"/>
  <testcase name="testNewContactCreation[1](NewContactData{id='0', lastname='lastname 1', name='name 1'})" classname="ru.stqa.pft.addressbook.tests.NewContactCreationTests" time="6.041"/>
  <testcase name="testNewContactCreation[2](NewContactData{id='0', lastname='lastname 2', name='name 2'})" classname="ru.stqa.pft.addressbook.tests.NewContactCreationTests" time="5.735"/>
  <system-out><![CDATA[]]></system-out>
  <system-err><![CDATA[Security framework of XStream not initialized, XStream is probably vulnerable.
]]></system-err>
</testsuite>
