<?xml version="1.0" encoding="UTF-8"?>
<testsuite name="ru.stga.pft.rest.RestAssuredTests" tests="1" skipped="0" failures="0" errors="0" timestamp="2020-04-07T16:42:17" hostname="WL357543" time="4.408">
  <properties/>
  <testcase name="testCreateIssue" classname="ru.stga.pft.rest.RestAssuredTests" time="4.408"/>
  <system-out><![CDATA[]]></system-out>
  <system-err><![CDATA[]]></system-err>
</testsuite>
