<?xml version="1.0" encoding="UTF-8"?>
<testsuite name="ru.stga.pft.rest.RestTests" tests="1" skipped="0" failures="0" errors="0" timestamp="2020-04-07T16:24:02" hostname="WL357543" time="5.711">
  <properties/>
  <testcase name="testCreateIssue" classname="ru.stga.pft.rest.RestTests" time="5.711"/>
  <system-out><![CDATA[]]></system-out>
  <system-err><![CDATA[]]></system-err>
</testsuite>
