<?xml version="1.0" encoding="UTF-8"?>
<testsuite name="ru.stqa.pft.addressbook.tests.NewContactCreationTests" tests="1" skipped="0" failures="0" errors="0" timestamp="2020-03-15T20:09:05" hostname="WL357543" time="3.848">
  <properties/>
  <testcase name="testNewContactCreation" classname="ru.stqa.pft.addressbook.tests.NewContactCreationTests" time="3.848"/>
  <system-out><![CDATA[]]></system-out>
  <system-err><![CDATA[]]></system-err>
</testsuite>
