<?xml version="1.0" encoding="UTF-8"?>
<testsuite name="ru.stga.pft.github.GithubTests" tests="1" skipped="0" failures="0" errors="0" timestamp="2020-04-08T16:35:06" hostname="WL357543" time="214.529">
  <properties/>
  <testcase name="testCommits" classname="ru.stga.pft.github.GithubTests" time="214.529"/>
  <system-out><![CDATA[Задание 20
RestAssured
REST: взаимодействие с Bugify
Задание 19
SOAP: взаимодействие с MantisBT
SOAP: простой пример
Задание 18
Задание 18 (промежуточное 2)
Задание 18 (промежуточное)
Лекция 8.7 small fix
Получение почты на внешний почтовый сервер. Создание пользователей на внешнем почтовом сервере (по протоколу Telnet)
Получение почты на встроенный в тесты почтовый сервер
again fix 16
Передача файлов на удалённую машину по протоколу FTP
small changes in 16 fix
Ленивая инициализация помощников
Прямое взаимодействие с сервером по протоколу HTTP
fix 16
Подготовка проекта для тестирования MantisBT
Задание 16
Добавлен AddContactToGroupTests
fix 15
Отключаемые проверки UI
Выполнено задание 15
Сравнение данных, загруженных из БД ( модификация групп)
Условия отбора данных
Object Relational Mapping (ORM)
Драйвер базы данных. Получение данных из БД
Протоколирование (лог-файлы)
Выполнено задание 14 (дополнение по контактам)
Описание конфигурации тестового стенда
Конфигурационные файлы для описания тестовых наборов
Автоматическое закрытие файлов после использования
Сделано задание 13 (формат xml)
Выполнено задание 12 (генератор в формате xml)
Формат JSON
Формат XML
Загрузка тестовых данных из файла
Параметризация тестовых методов
Анализ опций командой строки при запуске генератора данных
Генератор тестовых данных, запись данных в файл
Пути к файлам и директориям
Сделано задание 11
5.9+5.10+5.11
Хеширование и предварительные проверки
Кеширование результатов длительных операций
Сделано задание 10
Hamcrest: улучшение внешнего вида проверок
Повсеместное использование уникальных идентификаторов объектов
Fluent-интерфейсы
Улучшение названий методов
Улучшение кода тестов: реструктуризация кода
Правки к заданию 9
Исправлено задание 9
Сделано задание 9.
Сортировка списков
Лямбда-выражения (анонимные функции) и элементы функционального программирования
Поиск максимального элемента в коллекции
Множества: неупорядоченные коллекции
Сравнение коллекций
Формирование коллекции
Выбор элемента списка по порядковому номеру
Использование коллекций и определение их кол-ва
Коллекции: наборы элементов
Циклы: многократные повторения похожих действий
Сделано задание 8.
Реализована проверка и обеспечение выполнения предусловий
Оптимизированы переходы между страницами
Заполнение форм с почти одинаковым набором полей
Оптимизация заполнения форм: оставила не изменяющися значения в полях
Оптимизация заполнения форм: оставила дефолтные значения в полях
Сделано задание 7.
Сравнение объектов при помощи оператора == и метода equals
Запуск тестов в разных браузерах
Полная форма if-then-else. Неполная форма if-then. Вложенные проверки. Свёртка вложенных проверок
Проверка условий при помощи конструкций if-then-else
Сделано задание 6.
Сделан новый тест без использования рекордера
Сделано задание 5.
Создан общий базовый класс для классов-помощников
Выделила специализированные классы-помощники
Замена наследования на делегирование и создание двухуровневой архитектуры
Создан тест "Удаление группы" для веб-приложения
Создан общий базовый класс для тестов
Изменила package на верный
Выполнен рефакторинг кода
Выполнена зачистка и инициализация кода
Создан тест "Создание нового контакта" для веб-приложения
Выполнен рефакторинг кода
Выполнена зачистка и инициализация кода
Добавлен новый модуль addressbook и создан тест для веб-приложения
Задание 3. Попытка 2.
Задание 2. Попытка 2.
Сделано задание 3
Сделано задание 2
Добавлено несколько функций
Проект "отвязан" от репозитория Git
Изменены настройки форматирования
Создан пакет для моей первой программы
Создан проект для IDEA
Добавлен запускатель для Gradle
Создан проект "сохранять спокойствие"
Initial commit
]]></system-out>
  <system-err><![CDATA[SLF4J: Failed to load class "org.slf4j.impl.StaticLoggerBinder".
SLF4J: Defaulting to no-operation (NOP) logger implementation
SLF4J: See http://www.slf4j.org/codes.html#StaticLoggerBinder for further details.
]]></system-err>
</testsuite>
